2024-09-25T15:06:10.498-04:00  INFO 30676 --- [cit] [restartedMain] dev.adamico.cit.CitApplication           : Starting CitApplication using Java 17.0.9 with PID 30676 (C:\Users\aland\OneDrive\Documents\CIT\target\classes started by aland in C:\Users\aland\OneDrive\Documents\CIT)
2024-09-25T15:06:10.507-04:00  INFO 30676 --- [cit] [restartedMain] dev.adamico.cit.CitApplication           : No active profile set, falling back to 1 default profile: "default"
2024-09-25T15:06:10.563-04:00  INFO 30676 --- [cit] [restartedMain] .e.DevToolsPropertyDefaultsPostProcessor : Devtools property defaults active! Set 'spring.devtools.add-properties' to 'false' to disable
2024-09-25T15:06:10.563-04:00  INFO 30676 --- [cit] [restartedMain] .e.DevToolsPropertyDefaultsPostProcessor : For additional web related logging consider setting the 'logging.level.web' property to 'DEBUG'
2024-09-25T15:06:11.422-04:00  INFO 30676 --- [cit] [restartedMain] .s.d.r.c.RepositoryConfigurationDelegate : Bootstrapping Spring Data JPA repositories in DEFAULT mode.
2024-09-25T15:06:11.527-04:00  INFO 30676 --- [cit] [restartedMain] .s.d.r.c.RepositoryConfigurationDelegate : Finished Spring Data repository scanning in 89 ms. Found 4 JPA repository interfaces.
2024-09-25T15:06:12.362-04:00  INFO 30676 --- [cit] [restartedMain] o.s.b.w.embedded.tomcat.TomcatWebServer  : Tomcat initialized with port 8080 (http)
2024-09-25T15:06:12.378-04:00  INFO 30676 --- [cit] [restartedMain] o.apache.catalina.core.StandardService   : Starting service [Tomcat]
2024-09-25T15:06:12.379-04:00  INFO 30676 --- [cit] [restartedMain] o.apache.catalina.core.StandardEngine    : Starting Servlet engine: [Apache Tomcat/10.1.20]
2024-09-25T15:06:12.445-04:00  INFO 30676 --- [cit] [restartedMain] o.a.c.c.C.[Tomcat].[localhost].[/]       : Initializing Spring embedded WebApplicationContext
2024-09-25T15:06:12.446-04:00  INFO 30676 --- [cit] [restartedMain] w.s.c.ServletWebServerApplicationContext : Root WebApplicationContext: initialization completed in 1881 ms
2024-09-25T15:06:12.693-04:00  INFO 30676 --- [cit] [restartedMain] o.hibernate.jpa.internal.util.LogHelper  : HHH000204: Processing PersistenceUnitInfo [name: default]
2024-09-25T15:06:12.789-04:00  INFO 30676 --- [cit] [restartedMain] org.hibernate.Version                    : HHH000412: Hibernate ORM core version 6.4.4.Final
2024-09-25T15:06:12.836-04:00  INFO 30676 --- [cit] [restartedMain] o.h.c.internal.RegionFactoryInitiator    : HHH000026: Second-level cache disabled
2024-09-25T15:06:13.096-04:00  INFO 30676 --- [cit] [restartedMain] o.s.o.j.p.SpringPersistenceUnitInfo      : No LoadTimeWeaver setup: ignoring JPA class transformer
2024-09-25T15:06:13.128-04:00  INFO 30676 --- [cit] [restartedMain] com.zaxxer.hikari.HikariDataSource       : HikariPool-1 - Starting...
2024-09-25T15:06:13.285-04:00  INFO 30676 --- [cit] [restartedMain] com.zaxxer.hikari.pool.HikariPool        : HikariPool-1 - Added connection org.postgresql.jdbc.PgConnection@47ffa56b
2024-09-25T15:06:13.286-04:00  INFO 30676 --- [cit] [restartedMain] com.zaxxer.hikari.HikariDataSource       : HikariPool-1 - Start completed.
2024-09-25T15:06:14.283-04:00  INFO 30676 --- [cit] [restartedMain] o.h.e.t.j.p.i.JtaPlatformInitiator       : HHH000489: No JTA platform available (set 'hibernate.transaction.jta.platform' to enable JTA platform integration)
2024-09-25T15:06:14.340-04:00  INFO 30676 --- [cit] [restartedMain] j.LocalContainerEntityManagerFactoryBean : Initialized JPA EntityManagerFactory for persistence unit 'default'
2024-09-25T15:06:14.644-04:00  INFO 30676 --- [cit] [restartedMain] o.s.d.j.r.query.QueryEnhancerFactory     : Hibernate is in classpath; If applicable, HQL parser will be used.
2024-09-25T15:06:15.426-04:00  WARN 30676 --- [cit] [restartedMain] JpaBaseConfiguration$JpaWebConfiguration : spring.jpa.open-in-view is enabled by default. Therefore, database queries may be performed during view rendering. Explicitly configure spring.jpa.open-in-view to disable this warning
2024-09-25T15:06:15.468-04:00  INFO 30676 --- [cit] [restartedMain] o.s.b.a.w.s.WelcomePageHandlerMapping    : Adding welcome page: class path resource [static/index.html]
2024-09-25T15:06:15.618-04:00 DEBUG 30676 --- [cit] [restartedMain] s.w.s.m.m.a.RequestMappingHandlerMapping : 19 mappings in 'requestMappingHandlerMapping'
2024-09-25T15:06:15.628-04:00 DEBUG 30676 --- [cit] [restartedMain] o.s.w.s.handler.SimpleUrlHandlerMapping  : Patterns [/, /{x:[\w\-]+}, /{x:^(?!api$).*$}/{y:[\w\-]+}] in 'viewControllerHandlerMapping'
2024-09-25T15:06:15.734-04:00 DEBUG 30676 --- [cit] [restartedMain] o.s.w.s.handler.SimpleUrlHandlerMapping  : Patterns [/webjars/**, /**] in 'resourceHandlerMapping'
2024-09-25T15:06:15.818-04:00 DEBUG 30676 --- [cit] [restartedMain] s.w.s.m.m.a.RequestMappingHandlerAdapter : ControllerAdvice beans: 0 @ModelAttribute, 0 @InitBinder, 1 RequestBodyAdvice, 1 ResponseBodyAdvice
2024-09-25T15:06:15.896-04:00 DEBUG 30676 --- [cit] [restartedMain] .m.m.a.ExceptionHandlerExceptionResolver : ControllerAdvice beans: 1 @ExceptionHandler, 1 ResponseBodyAdvice
2024-09-25T15:06:16.054-04:00  INFO 30676 --- [cit] [restartedMain] o.s.b.d.a.OptionalLiveReloadServer       : LiveReload server is running on port 35729
2024-09-25T15:06:16.127-04:00  INFO 30676 --- [cit] [restartedMain] o.s.b.w.embedded.tomcat.TomcatWebServer  : Tomcat started on port 8080 (http) with context path ''
2024-09-25T15:06:16.142-04:00  INFO 30676 --- [cit] [restartedMain] dev.adamico.cit.CitApplication           : Started CitApplication in 6.071 seconds (process running for 6.555)
2024-09-25T15:06:36.979-04:00  INFO 30676 --- [cit] [http-nio-8080-exec-1] o.a.c.c.C.[Tomcat].[localhost].[/]       : Initializing Spring DispatcherServlet 'dispatcherServlet'
2024-09-25T15:06:36.979-04:00  INFO 30676 --- [cit] [http-nio-8080-exec-1] o.s.web.servlet.DispatcherServlet        : Initializing Servlet 'dispatcherServlet'
2024-09-25T15:06:36.979-04:00 DEBUG 30676 --- [cit] [http-nio-8080-exec-1] o.s.web.servlet.DispatcherServlet        : Detected StandardServletMultipartResolver
2024-09-25T15:06:36.980-04:00 DEBUG 30676 --- [cit] [http-nio-8080-exec-1] o.s.web.servlet.DispatcherServlet        : Detected AcceptHeaderLocaleResolver
2024-09-25T15:06:36.980-04:00 DEBUG 30676 --- [cit] [http-nio-8080-exec-1] o.s.web.servlet.DispatcherServlet        : Detected FixedThemeResolver
2024-09-25T15:06:36.980-04:00 DEBUG 30676 --- [cit] [http-nio-8080-exec-1] o.s.web.servlet.DispatcherServlet        : Detected org.springframework.web.servlet.view.DefaultRequestToViewNameTranslator@41b0003c
2024-09-25T15:06:36.981-04:00 DEBUG 30676 --- [cit] [http-nio-8080-exec-1] o.s.web.servlet.DispatcherServlet        : Detected org.springframework.web.servlet.support.SessionFlashMapManager@503950d6
2024-09-25T15:06:36.981-04:00 DEBUG 30676 --- [cit] [http-nio-8080-exec-1] o.s.web.servlet.DispatcherServlet        : enableLoggingRequestDetails='false': request parameters and headers will be masked to prevent unsafe logging of potentially sensitive data
2024-09-25T15:06:36.981-04:00  INFO 30676 --- [cit] [http-nio-8080-exec-1] o.s.web.servlet.DispatcherServlet        : Completed initialization in 2 ms
2024-09-25T15:06:36.988-04:00 DEBUG 30676 --- [cit] [http-nio-8080-exec-1] o.s.web.servlet.DispatcherServlet        : GET "/", parameters={}
2024-09-25T15:06:36.995-04:00 DEBUG 30676 --- [cit] [http-nio-8080-exec-1] o.s.w.s.handler.SimpleUrlHandlerMapping  : Mapped to ParameterizableViewController [view="forward:/index.html"]
2024-09-25T15:06:37.010-04:00 DEBUG 30676 --- [cit] [http-nio-8080-exec-1] o.s.w.s.v.ContentNegotiatingViewResolver : Selected 'text/html' given [text/html, application/xhtml+xml, image/avif, image/webp, image/apng, application/xml;q=0.9, */*;q=0.8, application/signed-exchange;v=b3;q=0.7]
2024-09-25T15:06:37.010-04:00 DEBUG 30676 --- [cit] [http-nio-8080-exec-1] o.s.w.servlet.view.InternalResourceView  : View name 'forward:', model {}
2024-09-25T15:06:37.012-04:00 DEBUG 30676 --- [cit] [http-nio-8080-exec-1] o.s.w.servlet.view.InternalResourceView  : Forwarding to [/index.html]
2024-09-25T15:06:37.017-04:00 DEBUG 30676 --- [cit] [http-nio-8080-exec-1] o.s.web.servlet.DispatcherServlet        : "FORWARD" dispatch for GET "/index.html", parameters={}
2024-09-25T15:06:37.020-04:00 DEBUG 30676 --- [cit] [http-nio-8080-exec-1] o.s.w.s.handler.SimpleUrlHandlerMapping  : Mapped to ResourceHttpRequestHandler [classpath [static/]]
2024-09-25T15:06:37.030-04:00 DEBUG 30676 --- [cit] [http-nio-8080-exec-1] o.s.web.servlet.DispatcherServlet        : Exiting from "FORWARD" dispatch, status 200
2024-09-25T15:06:37.031-04:00 DEBUG 30676 --- [cit] [http-nio-8080-exec-1] o.s.web.servlet.DispatcherServlet        : Completed 200 OK
2024-09-25T15:06:37.040-04:00 DEBUG 30676 --- [cit] [http-nio-8080-exec-2] o.s.web.servlet.DispatcherServlet        : GET "/vendor-7fc2cac8.69f64b1cdc6b04dcdfbc.js", parameters={}
2024-09-25T15:06:37.041-04:00 DEBUG 30676 --- [cit] [http-nio-8080-exec-2] o.s.w.s.handler.SimpleUrlHandlerMapping  : Mapped to ResourceHttpRequestHandler [classpath [static/]]
2024-09-25T15:06:37.044-04:00 DEBUG 30676 --- [cit] [http-nio-8080-exec-4] o.s.web.servlet.DispatcherServlet        : GET "/vendor-5927e8f1.4833c163f5d98bac31b7.js", parameters={}
2024-09-25T15:06:37.044-04:00 DEBUG 30676 --- [cit] [http-nio-8080-exec-3] o.s.web.servlet.DispatcherServlet        : GET "/vendor-eb37ba57.ddde13973119c4ad7cc9.js", parameters={}
2024-09-25T15:06:37.045-04:00 DEBUG 30676 --- [cit] [http-nio-8080-exec-3] o.s.w.s.handler.SimpleUrlHandlerMapping  : Mapped to ResourceHttpRequestHandler [classpath [static/]]
2024-09-25T15:06:37.045-04:00 DEBUG 30676 --- [cit] [http-nio-8080-exec-4] o.s.w.s.handler.SimpleUrlHandlerMapping  : Mapped to ResourceHttpRequestHandler [classpath [static/]]
2024-09-25T15:06:37.045-04:00 DEBUG 30676 --- [cit] [http-nio-8080-exec-2] o.s.web.servlet.DispatcherServlet        : Completed 200 OK
2024-09-25T15:06:37.047-04:00 DEBUG 30676 --- [cit] [http-nio-8080-exec-3] o.s.web.servlet.DispatcherServlet        : Completed 200 OK
2024-09-25T15:06:37.048-04:00 DEBUG 30676 --- [cit] [http-nio-8080-exec-4] o.s.web.servlet.DispatcherServlet        : Completed 200 OK
2024-09-25T15:06:37.050-04:00 DEBUG 30676 --- [cit] [http-nio-8080-exec-5] o.s.web.servlet.DispatcherServlet        : GET "/vendor-6c2eee85.dde892708675aec4f5ab.js", parameters={}
2024-09-25T15:06:37.050-04:00 DEBUG 30676 --- [cit] [http-nio-8080-exec-6] o.s.web.servlet.DispatcherServlet        : GET "/vendor-5e58aee3.78a1a95a34bc68540d18.js", parameters={}
2024-09-25T15:06:37.051-04:00 DEBUG 30676 --- [cit] [http-nio-8080-exec-5] o.s.w.s.handler.SimpleUrlHandlerMapping  : Mapped to ResourceHttpRequestHandler [classpath [static/]]
2024-09-25T15:06:37.051-04:00 DEBUG 30676 --- [cit] [http-nio-8080-exec-6] o.s.w.s.handler.SimpleUrlHandlerMapping  : Mapped to ResourceHttpRequestHandler [classpath [static/]]
2024-09-25T15:06:37.051-04:00 DEBUG 30676 --- [cit] [http-nio-8080-exec-7] o.s.web.servlet.DispatcherServlet        : GET "/vendor-e57b79e8.51fd89bc9e270a7ae50c.js", parameters={}
2024-09-25T15:06:37.052-04:00 DEBUG 30676 --- [cit] [http-nio-8080-exec-7] o.s.w.s.handler.SimpleUrlHandlerMapping  : Mapped to ResourceHttpRequestHandler [classpath [static/]]
2024-09-25T15:06:37.054-04:00 DEBUG 30676 --- [cit] [http-nio-8080-exec-7] o.s.web.servlet.DispatcherServlet        : Completed 200 OK
2024-09-25T15:06:37.054-04:00 DEBUG 30676 --- [cit] [http-nio-8080-exec-6] o.s.web.servlet.DispatcherServlet        : Completed 200 OK
2024-09-25T15:06:37.055-04:00 DEBUG 30676 --- [cit] [http-nio-8080-exec-5] o.s.web.servlet.DispatcherServlet        : Completed 200 OK
2024-09-25T15:06:37.057-04:00 DEBUG 30676 --- [cit] [http-nio-8080-exec-8] o.s.web.servlet.DispatcherServlet        : GET "/vendor-1e26e382.e5cc0688056584f54178.js", parameters={}
2024-09-25T15:06:37.058-04:00 DEBUG 30676 --- [cit] [http-nio-8080-exec-8] o.s.w.s.handler.SimpleUrlHandlerMapping  : Mapped to ResourceHttpRequestHandler [classpath [static/]]
2024-09-25T15:06:37.059-04:00 DEBUG 30676 --- [cit] [http-nio-8080-exec-9] o.s.web.servlet.DispatcherServlet        : GET "/vendor-764ec864.2ffa0c734cb49ec29367.js", parameters={}
2024-09-25T15:06:37.059-04:00 DEBUG 30676 --- [cit] [http-nio-8080-exec-10] o.s.web.servlet.DispatcherServlet        : GET "/vendor-536eaa00.8ab1d8e5c99fc862d8be.js", parameters={}
2024-09-25T15:06:37.060-04:00 DEBUG 30676 --- [cit] [http-nio-8080-exec-10] o.s.w.s.handler.SimpleUrlHandlerMapping  : Mapped to ResourceHttpRequestHandler [classpath [static/]]
2024-09-25T15:06:37.060-04:00 DEBUG 30676 --- [cit] [http-nio-8080-exec-9] o.s.w.s.handler.SimpleUrlHandlerMapping  : Mapped to ResourceHttpRequestHandler [classpath [static/]]
2024-09-25T15:06:37.060-04:00 DEBUG 30676 --- [cit] [http-nio-8080-exec-8] o.s.web.servlet.DispatcherServlet        : Completed 200 OK
2024-09-25T15:06:37.062-04:00 DEBUG 30676 --- [cit] [http-nio-8080-exec-9] o.s.web.servlet.DispatcherServlet        : Completed 200 OK
2024-09-25T15:06:37.062-04:00 DEBUG 30676 --- [cit] [http-nio-8080-exec-10] o.s.web.servlet.DispatcherServlet        : Completed 200 OK
2024-09-25T15:06:37.071-04:00 DEBUG 30676 --- [cit] [http-nio-8080-exec-1] o.s.web.servlet.DispatcherServlet        : GET "/vendor-949b784d.2b7f93788ad5af12f62e.js", parameters={}
2024-09-25T15:06:37.071-04:00 DEBUG 30676 --- [cit] [http-nio-8080-exec-2] o.s.web.servlet.DispatcherServlet        : GET "/vendor-f46dc3dc.224daf32532732d3c549.js", parameters={}
2024-09-25T15:06:37.071-04:00 DEBUG 30676 --- [cit] [http-nio-8080-exec-3] o.s.web.servlet.DispatcherServlet        : GET "/vendor-e5bca7e4.84108283cdb36d50bff6.js", parameters={}
2024-09-25T15:06:37.072-04:00 DEBUG 30676 --- [cit] [http-nio-8080-exec-1] o.s.w.s.handler.SimpleUrlHandlerMapping  : Mapped to ResourceHttpRequestHandler [classpath [static/]]
2024-09-25T15:06:37.072-04:00 DEBUG 30676 --- [cit] [http-nio-8080-exec-2] o.s.w.s.handler.SimpleUrlHandlerMapping  : Mapped to ResourceHttpRequestHandler [classpath [static/]]
2024-09-25T15:06:37.072-04:00 DEBUG 30676 --- [cit] [http-nio-8080-exec-3] o.s.w.s.handler.SimpleUrlHandlerMapping  : Mapped to ResourceHttpRequestHandler [classpath [static/]]
2024-09-25T15:06:37.074-04:00 DEBUG 30676 --- [cit] [http-nio-8080-exec-1] o.s.web.servlet.DispatcherServlet        : Completed 200 OK
2024-09-25T15:06:37.074-04:00 DEBUG 30676 --- [cit] [http-nio-8080-exec-3] o.s.web.servlet.DispatcherServlet        : Completed 200 OK
2024-09-25T15:06:37.075-04:00 DEBUG 30676 --- [cit] [http-nio-8080-exec-2] o.s.web.servlet.DispatcherServlet        : Completed 200 OK
2024-09-25T15:06:37.079-04:00 DEBUG 30676 --- [cit] [http-nio-8080-exec-4] o.s.web.servlet.DispatcherServlet        : GET "/vendor-fa3805ec.aefe4df0904109de3f49.js", parameters={}
2024-09-25T15:06:37.079-04:00 DEBUG 30676 --- [cit] [http-nio-8080-exec-6] o.s.web.servlet.DispatcherServlet        : GET "/vendor-fbda34f5.96e3dcacd7f0218d1a7f.js", parameters={}
2024-09-25T15:06:37.080-04:00 DEBUG 30676 --- [cit] [http-nio-8080-exec-4] o.s.w.s.handler.SimpleUrlHandlerMapping  : Mapped to ResourceHttpRequestHandler [classpath [static/]]
2024-09-25T15:06:37.080-04:00 DEBUG 30676 --- [cit] [http-nio-8080-exec-6] o.s.w.s.handler.SimpleUrlHandlerMapping  : Mapped to ResourceHttpRequestHandler [classpath [static/]]
2024-09-25T15:06:37.083-04:00 DEBUG 30676 --- [cit] [http-nio-8080-exec-6] o.s.web.servlet.DispatcherServlet        : Completed 200 OK
2024-09-25T15:06:37.083-04:00 DEBUG 30676 --- [cit] [http-nio-8080-exec-4] o.s.web.servlet.DispatcherServlet        : Completed 200 OK
2024-09-25T15:06:37.084-04:00 DEBUG 30676 --- [cit] [http-nio-8080-exec-7] o.s.web.servlet.DispatcherServlet        : GET "/vendor-70ff9051.dad2c665da0c7be8c235.js", parameters={}
2024-09-25T15:06:37.084-04:00 DEBUG 30676 --- [cit] [http-nio-8080-exec-7] o.s.w.s.handler.SimpleUrlHandlerMapping  : Mapped to ResourceHttpRequestHandler [classpath [static/]]
2024-09-25T15:06:37.086-04:00 DEBUG 30676 --- [cit] [http-nio-8080-exec-5] o.s.web.servlet.DispatcherServlet        : GET "/vendor-27545368.7e611d4b455ebb44f3a5.js", parameters={}
2024-09-25T15:06:37.086-04:00 DEBUG 30676 --- [cit] [http-nio-8080-exec-8] o.s.web.servlet.DispatcherServlet        : GET "/vendor-229eafb5.2ae73094af1993430097.js", parameters={}
2024-09-25T15:06:37.086-04:00 DEBUG 30676 --- [cit] [http-nio-8080-exec-5] o.s.w.s.handler.SimpleUrlHandlerMapping  : Mapped to ResourceHttpRequestHandler [classpath [static/]]
2024-09-25T15:06:37.086-04:00 DEBUG 30676 --- [cit] [http-nio-8080-exec-8] o.s.w.s.handler.SimpleUrlHandlerMapping  : Mapped to ResourceHttpRequestHandler [classpath [static/]]
2024-09-25T15:06:37.087-04:00 DEBUG 30676 --- [cit] [http-nio-8080-exec-7] o.s.web.servlet.DispatcherServlet        : Completed 200 OK
2024-09-25T15:06:37.088-04:00 DEBUG 30676 --- [cit] [http-nio-8080-exec-5] o.s.web.servlet.DispatcherServlet        : Completed 200 OK
2024-09-25T15:06:37.088-04:00 DEBUG 30676 --- [cit] [http-nio-8080-exec-8] o.s.web.servlet.DispatcherServlet        : Completed 200 OK
2024-09-25T15:06:37.091-04:00 DEBUG 30676 --- [cit] [http-nio-8080-exec-10] o.s.web.servlet.DispatcherServlet        : GET "/vendor-c9b35b07.b52101c4c9d4423cbba5.js", parameters={}
2024-09-25T15:06:37.091-04:00 DEBUG 30676 --- [cit] [http-nio-8080-exec-9] o.s.web.servlet.DispatcherServlet        : GET "/main.7fe4f61cb5b086d9259f.js", parameters={}
2024-09-25T15:06:37.092-04:00 DEBUG 30676 --- [cit] [http-nio-8080-exec-10] o.s.w.s.handler.SimpleUrlHandlerMapping  : Mapped to ResourceHttpRequestHandler [classpath [static/]]
2024-09-25T15:06:37.092-04:00 DEBUG 30676 --- [cit] [http-nio-8080-exec-9] o.s.w.s.handler.SimpleUrlHandlerMapping  : Mapped to ResourceHttpRequestHandler [classpath [static/]]
2024-09-25T15:06:37.094-04:00 DEBUG 30676 --- [cit] [http-nio-8080-exec-9] o.s.web.servlet.DispatcherServlet        : Completed 200 OK
2024-09-25T15:06:37.094-04:00 DEBUG 30676 --- [cit] [http-nio-8080-exec-10] o.s.web.servlet.DispatcherServlet        : Completed 200 OK
2024-09-25T15:06:37.218-04:00 DEBUG 30676 --- [cit] [http-nio-8080-exec-1] o.s.web.servlet.DispatcherServlet        : GET "/b7bcc075b395c14ce8c2.woff2?dd67030699838ea613ee6dbda90effa6", parameters={masked}
2024-09-25T15:06:37.218-04:00 DEBUG 30676 --- [cit] [http-nio-8080-exec-3] o.s.web.servlet.DispatcherServlet        : GET "/favicon.ico", parameters={}
2024-09-25T15:06:37.219-04:00 DEBUG 30676 --- [cit] [http-nio-8080-exec-1] o.s.w.s.handler.SimpleUrlHandlerMapping  : Mapped to ResourceHttpRequestHandler [classpath [static/]]
2024-09-25T15:06:37.219-04:00 DEBUG 30676 --- [cit] [http-nio-8080-exec-3] o.s.w.s.handler.SimpleUrlHandlerMapping  : Mapped to ResourceHttpRequestHandler [classpath [static/]]
2024-09-25T15:06:37.226-04:00 DEBUG 30676 --- [cit] [http-nio-8080-exec-3] o.s.web.servlet.DispatcherServlet        : Completed 200 OK
2024-09-25T15:06:37.227-04:00 DEBUG 30676 --- [cit] [http-nio-8080-exec-1] o.s.web.servlet.DispatcherServlet        : Completed 200 OK
2024-09-25T15:06:38.503-04:00 DEBUG 30676 --- [cit] [http-nio-8080-exec-2] o.s.web.servlet.DispatcherServlet        : GET "/791.71b78f5febcc93feee12.js", parameters={}
2024-09-25T15:06:38.504-04:00 DEBUG 30676 --- [cit] [http-nio-8080-exec-2] o.s.w.s.handler.SimpleUrlHandlerMapping  : Mapped to ResourceHttpRequestHandler [classpath [static/]]
2024-09-25T15:06:38.506-04:00 DEBUG 30676 --- [cit] [http-nio-8080-exec-2] o.s.web.servlet.DispatcherServlet        : Completed 200 OK
2024-09-25T15:06:39.703-04:00 DEBUG 30676 --- [cit] [http-nio-8080-exec-4] o.s.web.servlet.DispatcherServlet        : GET "/common.a698e502a6ff784a8fff.js", parameters={}
2024-09-25T15:06:39.703-04:00 DEBUG 30676 --- [cit] [http-nio-8080-exec-6] o.s.web.servlet.DispatcherServlet        : GET "/717.ef6ef4849aff125e70ef.js", parameters={}
2024-09-25T15:06:39.704-04:00 DEBUG 30676 --- [cit] [http-nio-8080-exec-4] o.s.w.s.handler.SimpleUrlHandlerMapping  : Mapped to ResourceHttpRequestHandler [classpath [static/]]
2024-09-25T15:06:39.704-04:00 DEBUG 30676 --- [cit] [http-nio-8080-exec-6] o.s.w.s.handler.SimpleUrlHandlerMapping  : Mapped to ResourceHttpRequestHandler [classpath [static/]]
2024-09-25T15:06:39.706-04:00 DEBUG 30676 --- [cit] [http-nio-8080-exec-4] o.s.web.servlet.DispatcherServlet        : Completed 200 OK
2024-09-25T15:06:39.706-04:00 DEBUG 30676 --- [cit] [http-nio-8080-exec-6] o.s.web.servlet.DispatcherServlet        : Completed 200 OK
2024-09-25T15:06:39.707-04:00 DEBUG 30676 --- [cit] [http-nio-8080-exec-7] o.s.web.servlet.DispatcherServlet        : GET "/settings/favicon.ico", parameters={}
2024-09-25T15:06:39.708-04:00 DEBUG 30676 --- [cit] [http-nio-8080-exec-7] o.s.w.s.handler.SimpleUrlHandlerMapping  : Mapped to ResourceHttpRequestHandler [classpath [static/]]
2024-09-25T15:06:39.709-04:00 DEBUG 30676 --- [cit] [http-nio-8080-exec-7] o.s.w.s.r.ResourceHttpRequestHandler     : Resource not found
2024-09-25T15:06:39.714-04:00 DEBUG 30676 --- [cit] [http-nio-8080-exec-7] .m.m.a.ExceptionHandlerExceptionResolver : Using @ExceptionHandler dev.adamico.cit.Exceptions.GlobalExceptionHandler#handleExceptions(Exception)
2024-09-25T15:06:39.714-04:00 ERROR 30676 --- [cit] [http-nio-8080-exec-7] o.s.w.bind.annotation.ExceptionHandler   : No static resource settings/favicon.ico.
2024-09-25T15:06:39.720-04:00 DEBUG 30676 --- [cit] [http-nio-8080-exec-5] o.s.web.servlet.DispatcherServlet        : GET "/api/tags", parameters={}
2024-09-25T15:06:39.721-04:00 DEBUG 30676 --- [cit] [http-nio-8080-exec-5] s.w.s.m.m.a.RequestMappingHandlerMapping : Mapped to dev.adamico.cit.Controllers.TagController#getTags()
2024-09-25T15:06:39.722-04:00 DEBUG 30676 --- [cit] [http-nio-8080-exec-7] o.s.w.s.m.m.a.HttpEntityMethodProcessor  : Using 'image/avif', given [image/avif, image/webp, image/apng, image/svg+xml, image/*, */*;q=0.8] and supported [text/plain, */*, application/json, application/*+json]
2024-09-25T15:06:39.723-04:00 DEBUG 30676 --- [cit] [http-nio-8080-exec-7] o.s.w.s.m.m.a.HttpEntityMethodProcessor  : Writing ["An internal server error occurred."]
2024-09-25T15:06:39.725-04:00  WARN 30676 --- [cit] [http-nio-8080-exec-7] .m.m.a.ExceptionHandlerExceptionResolver : Resolved [org.springframework.web.servlet.resource.NoResourceFoundException: No static resource settings/favicon.ico.]
2024-09-25T15:06:39.725-04:00 DEBUG 30676 --- [cit] [http-nio-8080-exec-7] o.s.web.servlet.DispatcherServlet        : Completed 500 INTERNAL_SERVER_ERROR
2024-09-25T15:06:39.813-04:00 DEBUG 30676 --- [cit] [http-nio-8080-exec-5] m.m.a.RequestResponseBodyMethodProcessor : Using 'application/json', given [application/json, text/plain, */*] and supported [application/json, application/*+json]
2024-09-25T15:06:39.813-04:00 DEBUG 30676 --- [cit] [http-nio-8080-exec-5] m.m.a.RequestResponseBodyMethodProcessor : Writing [[dev.adamico.cit.Models.Tag@3a1be3a1, dev.adamico.cit.Models.Tag@395413b1]]
2024-09-25T15:06:39.847-04:00 DEBUG 30676 --- [cit] [http-nio-8080-exec-5] o.s.web.servlet.DispatcherServlet        : Completed 200 OK
2024-09-25T15:08:48.661-04:00  INFO 30676 --- [cit] [SpringApplicationShutdownHook] j.LocalContainerEntityManagerFactoryBean : Closing JPA EntityManagerFactory for persistence unit 'default'
2024-09-25T15:08:48.665-04:00  INFO 30676 --- [cit] [SpringApplicationShutdownHook] com.zaxxer.hikari.HikariDataSource       : HikariPool-1 - Shutdown initiated...
2024-09-25T15:08:48.668-04:00  INFO 30676 --- [cit] [SpringApplicationShutdownHook] com.zaxxer.hikari.HikariDataSource       : HikariPool-1 - Shutdown completed.
2024-09-25T15:09:08.378-04:00  INFO 18332 --- [cit] [restartedMain] dev.adamico.cit.CitApplication           : Starting CitApplication using Java 17.0.9 with PID 18332 (C:\Users\aland\OneDrive\Documents\CIT\target\classes started by aland in C:\Users\aland\OneDrive\Documents\CIT)
2024-09-25T15:09:08.380-04:00  INFO 18332 --- [cit] [restartedMain] dev.adamico.cit.CitApplication           : No active profile set, falling back to 1 default profile: "default"
2024-09-25T15:09:08.430-04:00  INFO 18332 --- [cit] [restartedMain] .e.DevToolsPropertyDefaultsPostProcessor : Devtools property defaults active! Set 'spring.devtools.add-properties' to 'false' to disable
2024-09-25T15:09:08.430-04:00  INFO 18332 --- [cit] [restartedMain] .e.DevToolsPropertyDefaultsPostProcessor : For additional web related logging consider setting the 'logging.level.web' property to 'DEBUG'
2024-09-25T15:09:09.161-04:00  INFO 18332 --- [cit] [restartedMain] .s.d.r.c.RepositoryConfigurationDelegate : Bootstrapping Spring Data JPA repositories in DEFAULT mode.
2024-09-25T15:09:09.243-04:00  INFO 18332 --- [cit] [restartedMain] .s.d.r.c.RepositoryConfigurationDelegate : Finished Spring Data repository scanning in 63 ms. Found 4 JPA repository interfaces.
2024-09-25T15:09:09.978-04:00  INFO 18332 --- [cit] [restartedMain] o.s.b.w.embedded.tomcat.TomcatWebServer  : Tomcat initialized with port 8080 (http)
2024-09-25T15:09:10.000-04:00  INFO 18332 --- [cit] [restartedMain] o.apache.catalina.core.StandardService   : Starting service [Tomcat]
2024-09-25T15:09:10.000-04:00  INFO 18332 --- [cit] [restartedMain] o.apache.catalina.core.StandardEngine    : Starting Servlet engine: [Apache Tomcat/10.1.20]
2024-09-25T15:09:10.066-04:00  INFO 18332 --- [cit] [restartedMain] o.a.c.c.C.[Tomcat].[localhost].[/]       : Initializing Spring embedded WebApplicationContext
2024-09-25T15:09:10.066-04:00  INFO 18332 --- [cit] [restartedMain] w.s.c.ServletWebServerApplicationContext : Root WebApplicationContext: initialization completed in 1635 ms
2024-09-25T15:09:10.293-04:00  INFO 18332 --- [cit] [restartedMain] o.hibernate.jpa.internal.util.LogHelper  : HHH000204: Processing PersistenceUnitInfo [name: default]
2024-09-25T15:09:10.413-04:00  INFO 18332 --- [cit] [restartedMain] org.hibernate.Version                    : HHH000412: Hibernate ORM core version 6.4.4.Final
2024-09-25T15:09:10.449-04:00  INFO 18332 --- [cit] [restartedMain] o.h.c.internal.RegionFactoryInitiator    : HHH000026: Second-level cache disabled
2024-09-25T15:09:10.666-04:00  INFO 18332 --- [cit] [restartedMain] o.s.o.j.p.SpringPersistenceUnitInfo      : No LoadTimeWeaver setup: ignoring JPA class transformer
2024-09-25T15:09:10.691-04:00  INFO 18332 --- [cit] [restartedMain] com.zaxxer.hikari.HikariDataSource       : HikariPool-1 - Starting...
2024-09-25T15:09:10.853-04:00  INFO 18332 --- [cit] [restartedMain] com.zaxxer.hikari.pool.HikariPool        : HikariPool-1 - Added connection org.postgresql.jdbc.PgConnection@646d2527
2024-09-25T15:09:10.855-04:00  INFO 18332 --- [cit] [restartedMain] com.zaxxer.hikari.HikariDataSource       : HikariPool-1 - Start completed.
2024-09-25T15:09:11.783-04:00  INFO 18332 --- [cit] [restartedMain] o.h.e.t.j.p.i.JtaPlatformInitiator       : HHH000489: No JTA platform available (set 'hibernate.transaction.jta.platform' to enable JTA platform integration)
2024-09-25T15:09:11.842-04:00  INFO 18332 --- [cit] [restartedMain] j.LocalContainerEntityManagerFactoryBean : Initialized JPA EntityManagerFactory for persistence unit 'default'
2024-09-25T15:09:12.177-04:00  INFO 18332 --- [cit] [restartedMain] o.s.d.j.r.query.QueryEnhancerFactory     : Hibernate is in classpath; If applicable, HQL parser will be used.
2024-09-25T15:09:12.971-04:00  WARN 18332 --- [cit] [restartedMain] JpaBaseConfiguration$JpaWebConfiguration : spring.jpa.open-in-view is enabled by default. Therefore, database queries may be performed during view rendering. Explicitly configure spring.jpa.open-in-view to disable this warning
2024-09-25T15:09:13.014-04:00  INFO 18332 --- [cit] [restartedMain] o.s.b.a.w.s.WelcomePageHandlerMapping    : Adding welcome page: class path resource [static/index.html]
2024-09-25T15:09:13.120-04:00 DEBUG 18332 --- [cit] [restartedMain] s.w.s.m.m.a.RequestMappingHandlerMapping : 19 mappings in 'requestMappingHandlerMapping'
2024-09-25T15:09:13.131-04:00 DEBUG 18332 --- [cit] [restartedMain] o.s.w.s.handler.SimpleUrlHandlerMapping  : Patterns [/, /{x:[\w\-]+}, /{x:^(?!api$).*$}/{y:[\w\-]+}] in 'viewControllerHandlerMapping'
2024-09-25T15:09:13.241-04:00 DEBUG 18332 --- [cit] [restartedMain] o.s.w.s.handler.SimpleUrlHandlerMapping  : Patterns [/webjars/**, /**] in 'resourceHandlerMapping'
2024-09-25T15:09:13.294-04:00 DEBUG 18332 --- [cit] [restartedMain] s.w.s.m.m.a.RequestMappingHandlerAdapter : ControllerAdvice beans: 0 @ModelAttribute, 0 @InitBinder, 1 RequestBodyAdvice, 1 ResponseBodyAdvice
2024-09-25T15:09:13.346-04:00 DEBUG 18332 --- [cit] [restartedMain] .m.m.a.ExceptionHandlerExceptionResolver : ControllerAdvice beans: 1 @ExceptionHandler, 1 ResponseBodyAdvice
2024-09-25T15:09:13.493-04:00  INFO 18332 --- [cit] [restartedMain] o.s.b.d.a.OptionalLiveReloadServer       : LiveReload server is running on port 35729
2024-09-25T15:09:13.541-04:00  INFO 18332 --- [cit] [restartedMain] o.s.b.w.embedded.tomcat.TomcatWebServer  : Tomcat started on port 8080 (http) with context path ''
2024-09-25T15:09:13.553-04:00  INFO 18332 --- [cit] [restartedMain] dev.adamico.cit.CitApplication           : Started CitApplication in 5.589 seconds (process running for 6.007)
2024-09-25T15:09:13.994-04:00  INFO 18332 --- [cit] [http-nio-8080-exec-1] o.a.c.c.C.[Tomcat].[localhost].[/]       : Initializing Spring DispatcherServlet 'dispatcherServlet'
2024-09-25T15:09:13.995-04:00  INFO 18332 --- [cit] [http-nio-8080-exec-1] o.s.web.servlet.DispatcherServlet        : Initializing Servlet 'dispatcherServlet'
2024-09-25T15:09:13.995-04:00 DEBUG 18332 --- [cit] [http-nio-8080-exec-1] o.s.web.servlet.DispatcherServlet        : Detected StandardServletMultipartResolver
2024-09-25T15:09:13.995-04:00 DEBUG 18332 --- [cit] [http-nio-8080-exec-1] o.s.web.servlet.DispatcherServlet        : Detected AcceptHeaderLocaleResolver
2024-09-25T15:09:13.995-04:00 DEBUG 18332 --- [cit] [http-nio-8080-exec-1] o.s.web.servlet.DispatcherServlet        : Detected FixedThemeResolver
2024-09-25T15:09:13.996-04:00 DEBUG 18332 --- [cit] [http-nio-8080-exec-1] o.s.web.servlet.DispatcherServlet        : Detected org.springframework.web.servlet.view.DefaultRequestToViewNameTranslator@534e27af
2024-09-25T15:09:13.996-04:00 DEBUG 18332 --- [cit] [http-nio-8080-exec-1] o.s.web.servlet.DispatcherServlet        : Detected org.springframework.web.servlet.support.SessionFlashMapManager@cc3944
2024-09-25T15:09:13.996-04:00 DEBUG 18332 --- [cit] [http-nio-8080-exec-1] o.s.web.servlet.DispatcherServlet        : enableLoggingRequestDetails='false': request parameters and headers will be masked to prevent unsafe logging of potentially sensitive data
2024-09-25T15:09:13.996-04:00  INFO 18332 --- [cit] [http-nio-8080-exec-1] o.s.web.servlet.DispatcherServlet        : Completed initialization in 1 ms
2024-09-25T15:09:14.004-04:00 DEBUG 18332 --- [cit] [http-nio-8080-exec-1] o.s.web.servlet.DispatcherServlet        : GET "/", parameters={}
2024-09-25T15:09:14.011-04:00 DEBUG 18332 --- [cit] [http-nio-8080-exec-1] o.s.w.s.handler.SimpleUrlHandlerMapping  : Mapped to ParameterizableViewController [view="forward:/index.html"]
2024-09-25T15:09:14.022-04:00 DEBUG 18332 --- [cit] [http-nio-8080-exec-1] o.s.w.s.v.ContentNegotiatingViewResolver : Selected 'text/html' given [text/html, application/xhtml+xml, image/avif, image/webp, image/apng, application/xml;q=0.9, */*;q=0.8, application/signed-exchange;v=b3;q=0.7]
2024-09-25T15:09:14.022-04:00 DEBUG 18332 --- [cit] [http-nio-8080-exec-1] o.s.w.servlet.view.InternalResourceView  : View name 'forward:', model {}
2024-09-25T15:09:14.024-04:00 DEBUG 18332 --- [cit] [http-nio-8080-exec-1] o.s.w.servlet.view.InternalResourceView  : Forwarding to [/index.html]
2024-09-25T15:09:14.028-04:00 DEBUG 18332 --- [cit] [http-nio-8080-exec-1] o.s.web.servlet.DispatcherServlet        : "FORWARD" dispatch for GET "/index.html", parameters={}
2024-09-25T15:09:14.029-04:00 DEBUG 18332 --- [cit] [http-nio-8080-exec-1] o.s.w.s.handler.SimpleUrlHandlerMapping  : Mapped to ResourceHttpRequestHandler [classpath [static/]]
2024-09-25T15:09:14.040-04:00 DEBUG 18332 --- [cit] [http-nio-8080-exec-1] o.s.web.servlet.DispatcherServlet        : Exiting from "FORWARD" dispatch, status 200
2024-09-25T15:09:14.041-04:00 DEBUG 18332 --- [cit] [http-nio-8080-exec-1] o.s.web.servlet.DispatcherServlet        : Completed 200 OK
2024-09-25T15:09:14.051-04:00 DEBUG 18332 --- [cit] [http-nio-8080-exec-2] o.s.web.servlet.DispatcherServlet        : GET "/vendor-7fc2cac8.69f64b1cdc6b04dcdfbc.js", parameters={}
2024-09-25T15:09:14.051-04:00 DEBUG 18332 --- [cit] [http-nio-8080-exec-2] o.s.w.s.handler.SimpleUrlHandlerMapping  : Mapped to ResourceHttpRequestHandler [classpath [static/]]
2024-09-25T15:09:14.051-04:00 DEBUG 18332 --- [cit] [http-nio-8080-exec-3] o.s.web.servlet.DispatcherServlet        : GET "/vendor-eb37ba57.ddde13973119c4ad7cc9.js", parameters={}
2024-09-25T15:09:14.052-04:00 DEBUG 18332 --- [cit] [http-nio-8080-exec-3] o.s.w.s.handler.SimpleUrlHandlerMapping  : Mapped to ResourceHttpRequestHandler [classpath [static/]]
2024-09-25T15:09:14.054-04:00 DEBUG 18332 --- [cit] [http-nio-8080-exec-3] o.s.web.servlet.DispatcherServlet        : Completed 200 OK
2024-09-25T15:09:14.054-04:00 DEBUG 18332 --- [cit] [http-nio-8080-exec-2] o.s.web.servlet.DispatcherServlet        : Completed 200 OK
2024-09-25T15:09:14.059-04:00 DEBUG 18332 --- [cit] [http-nio-8080-exec-4] o.s.web.servlet.DispatcherServlet        : GET "/vendor-5927e8f1.4833c163f5d98bac31b7.js", parameters={}
2024-09-25T15:09:14.060-04:00 DEBUG 18332 --- [cit] [http-nio-8080-exec-5] o.s.web.servlet.DispatcherServlet        : GET "/vendor-6c2eee85.dde892708675aec4f5ab.js", parameters={}
2024-09-25T15:09:14.060-04:00 DEBUG 18332 --- [cit] [http-nio-8080-exec-4] o.s.w.s.handler.SimpleUrlHandlerMapping  : Mapped to ResourceHttpRequestHandler [classpath [static/]]
2024-09-25T15:09:14.060-04:00 DEBUG 18332 --- [cit] [http-nio-8080-exec-5] o.s.w.s.handler.SimpleUrlHandlerMapping  : Mapped to ResourceHttpRequestHandler [classpath [static/]]
2024-09-25T15:09:14.061-04:00 DEBUG 18332 --- [cit] [http-nio-8080-exec-8] o.s.web.servlet.DispatcherServlet        : GET "/vendor-1e26e382.e5cc0688056584f54178.js", parameters={}
2024-09-25T15:09:14.061-04:00 DEBUG 18332 --- [cit] [http-nio-8080-exec-9] o.s.web.servlet.DispatcherServlet        : GET "/vendor-764ec864.2ffa0c734cb49ec29367.js", parameters={}
2024-09-25T15:09:14.061-04:00 DEBUG 18332 --- [cit] [http-nio-8080-exec-6] o.s.web.servlet.DispatcherServlet        : GET "/vendor-e57b79e8.51fd89bc9e270a7ae50c.js", parameters={}
2024-09-25T15:09:14.061-04:00 DEBUG 18332 --- [cit] [http-nio-8080-exec-7] o.s.web.servlet.DispatcherServlet        : GET "/vendor-5e58aee3.78a1a95a34bc68540d18.js", parameters={}
2024-09-25T15:09:14.062-04:00 DEBUG 18332 --- [cit] [http-nio-8080-exec-8] o.s.w.s.handler.SimpleUrlHandlerMapping  : Mapped to ResourceHttpRequestHandler [classpath [static/]]
2024-09-25T15:09:14.062-04:00 DEBUG 18332 --- [cit] [http-nio-8080-exec-6] o.s.w.s.handler.SimpleUrlHandlerMapping  : Mapped to ResourceHttpRequestHandler [classpath [static/]]
2024-09-25T15:09:14.062-04:00 DEBUG 18332 --- [cit] [http-nio-8080-exec-9] o.s.w.s.handler.SimpleUrlHandlerMapping  : Mapped to ResourceHttpRequestHandler [classpath [static/]]
2024-09-25T15:09:14.062-04:00 DEBUG 18332 --- [cit] [http-nio-8080-exec-7] o.s.w.s.handler.SimpleUrlHandlerMapping  : Mapped to ResourceHttpRequestHandler [classpath [static/]]
2024-09-25T15:09:14.064-04:00 DEBUG 18332 --- [cit] [http-nio-8080-exec-4] o.s.web.servlet.DispatcherServlet        : Completed 200 OK
2024-09-25T15:09:14.064-04:00 DEBUG 18332 --- [cit] [http-nio-8080-exec-5] o.s.web.servlet.DispatcherServlet        : Completed 200 OK
2024-09-25T15:09:14.065-04:00 DEBUG 18332 --- [cit] [http-nio-8080-exec-4] o.s.web.servlet.DispatcherServlet        : GET "/vendor-536eaa00.8ab1d8e5c99fc862d8be.js", parameters={}
2024-09-25T15:09:14.065-04:00 DEBUG 18332 --- [cit] [http-nio-8080-exec-6] o.s.web.servlet.DispatcherServlet        : Completed 200 OK
2024-09-25T15:09:14.065-04:00 DEBUG 18332 --- [cit] [http-nio-8080-exec-9] o.s.web.servlet.DispatcherServlet        : Completed 200 OK
2024-09-25T15:09:14.065-04:00 DEBUG 18332 --- [cit] [http-nio-8080-exec-8] o.s.web.servlet.DispatcherServlet        : Completed 200 OK
2024-09-25T15:09:14.065-04:00 DEBUG 18332 --- [cit] [http-nio-8080-exec-10] o.s.web.servlet.DispatcherServlet        : GET "/vendor-949b784d.2b7f93788ad5af12f62e.js", parameters={}
2024-09-25T15:09:14.066-04:00 DEBUG 18332 --- [cit] [http-nio-8080-exec-4] o.s.w.s.handler.SimpleUrlHandlerMapping  : Mapped to ResourceHttpRequestHandler [classpath [static/]]
2024-09-25T15:09:14.066-04:00 DEBUG 18332 --- [cit] [http-nio-8080-exec-10] o.s.w.s.handler.SimpleUrlHandlerMapping  : Mapped to ResourceHttpRequestHandler [classpath [static/]]
2024-09-25T15:09:14.066-04:00 DEBUG 18332 --- [cit] [http-nio-8080-exec-7] o.s.web.servlet.DispatcherServlet        : Completed 200 OK
2024-09-25T15:09:14.067-04:00 DEBUG 18332 --- [cit] [http-nio-8080-exec-2] o.s.web.servlet.DispatcherServlet        : GET "/vendor-e5bca7e4.84108283cdb36d50bff6.js", parameters={}
2024-09-25T15:09:14.067-04:00 DEBUG 18332 --- [cit] [http-nio-8080-exec-3] o.s.web.servlet.DispatcherServlet        : GET "/vendor-fa3805ec.aefe4df0904109de3f49.js", parameters={}
2024-09-25T15:09:14.068-04:00 DEBUG 18332 --- [cit] [http-nio-8080-exec-1] o.s.web.servlet.DispatcherServlet        : GET "/vendor-f46dc3dc.224daf32532732d3c549.js", parameters={}
2024-09-25T15:09:14.068-04:00 DEBUG 18332 --- [cit] [http-nio-8080-exec-5] o.s.web.servlet.DispatcherServlet        : GET "/vendor-fbda34f5.96e3dcacd7f0218d1a7f.js", parameters={}
2024-09-25T15:09:14.068-04:00 DEBUG 18332 --- [cit] [http-nio-8080-exec-2] o.s.w.s.handler.SimpleUrlHandlerMapping  : Mapped to ResourceHttpRequestHandler [classpath [static/]]
2024-09-25T15:09:14.068-04:00 DEBUG 18332 --- [cit] [http-nio-8080-exec-3] o.s.w.s.handler.SimpleUrlHandlerMapping  : Mapped to ResourceHttpRequestHandler [classpath [static/]]
2024-09-25T15:09:14.068-04:00 DEBUG 18332 --- [cit] [http-nio-8080-exec-1] o.s.w.s.handler.SimpleUrlHandlerMapping  : Mapped to ResourceHttpRequestHandler [classpath [static/]]
2024-09-25T15:09:14.068-04:00 DEBUG 18332 --- [cit] [http-nio-8080-exec-5] o.s.w.s.handler.SimpleUrlHandlerMapping  : Mapped to ResourceHttpRequestHandler [classpath [static/]]
2024-09-25T15:09:14.069-04:00 DEBUG 18332 --- [cit] [http-nio-8080-exec-4] o.s.web.servlet.DispatcherServlet        : Completed 200 OK
2024-09-25T15:09:14.069-04:00 DEBUG 18332 --- [cit] [http-nio-8080-exec-10] o.s.web.servlet.DispatcherServlet        : Completed 200 OK
2024-09-25T15:09:14.070-04:00 DEBUG 18332 --- [cit] [http-nio-8080-exec-8] o.s.web.servlet.DispatcherServlet        : GET "/vendor-70ff9051.dad2c665da0c7be8c235.js", parameters={}
2024-09-25T15:09:14.070-04:00 DEBUG 18332 --- [cit] [http-nio-8080-exec-9] o.s.web.servlet.DispatcherServlet        : GET "/vendor-27545368.7e611d4b455ebb44f3a5.js", parameters={}
2024-09-25T15:09:14.071-04:00 DEBUG 18332 --- [cit] [http-nio-8080-exec-5] o.s.web.servlet.DispatcherServlet        : Completed 200 OK
2024-09-25T15:09:14.071-04:00 DEBUG 18332 --- [cit] [http-nio-8080-exec-9] o.s.w.s.handler.SimpleUrlHandlerMapping  : Mapped to ResourceHttpRequestHandler [classpath [static/]]
2024-09-25T15:09:14.071-04:00 DEBUG 18332 --- [cit] [http-nio-8080-exec-3] o.s.web.servlet.DispatcherServlet        : Completed 200 OK
2024-09-25T15:09:14.071-04:00 DEBUG 18332 --- [cit] [http-nio-8080-exec-8] o.s.w.s.handler.SimpleUrlHandlerMapping  : Mapped to ResourceHttpRequestHandler [classpath [static/]]
2024-09-25T15:09:14.072-04:00 DEBUG 18332 --- [cit] [http-nio-8080-exec-1] o.s.web.servlet.DispatcherServlet        : Completed 200 OK
2024-09-25T15:09:14.072-04:00 DEBUG 18332 --- [cit] [http-nio-8080-exec-2] o.s.web.servlet.DispatcherServlet        : Completed 200 OK
2024-09-25T15:09:14.074-04:00 DEBUG 18332 --- [cit] [http-nio-8080-exec-7] o.s.web.servlet.DispatcherServlet        : GET "/vendor-c9b35b07.b52101c4c9d4423cbba5.js", parameters={}
2024-09-25T15:09:14.074-04:00 DEBUG 18332 --- [cit] [http-nio-8080-exec-6] o.s.web.servlet.DispatcherServlet        : GET "/vendor-229eafb5.2ae73094af1993430097.js", parameters={}
2024-09-25T15:09:14.074-04:00 DEBUG 18332 --- [cit] [http-nio-8080-exec-4] o.s.web.servlet.DispatcherServlet        : GET "/main.240f5f05387228abb394.js", parameters={}
2024-09-25T15:09:14.074-04:00 DEBUG 18332 --- [cit] [http-nio-8080-exec-9] o.s.web.servlet.DispatcherServlet        : Completed 200 OK
2024-09-25T15:09:14.074-04:00 DEBUG 18332 --- [cit] [http-nio-8080-exec-8] o.s.web.servlet.DispatcherServlet        : Completed 200 OK
2024-09-25T15:09:14.074-04:00 DEBUG 18332 --- [cit] [http-nio-8080-exec-7] o.s.w.s.handler.SimpleUrlHandlerMapping  : Mapped to ResourceHttpRequestHandler [classpath [static/]]
2024-09-25T15:09:14.074-04:00 DEBUG 18332 --- [cit] [http-nio-8080-exec-6] o.s.w.s.handler.SimpleUrlHandlerMapping  : Mapped to ResourceHttpRequestHandler [classpath [static/]]
2024-09-25T15:09:14.074-04:00 DEBUG 18332 --- [cit] [http-nio-8080-exec-4] o.s.w.s.handler.SimpleUrlHandlerMapping  : Mapped to ResourceHttpRequestHandler [classpath [static/]]
2024-09-25T15:09:14.077-04:00 DEBUG 18332 --- [cit] [http-nio-8080-exec-4] o.s.web.servlet.DispatcherServlet        : Completed 200 OK
2024-09-25T15:09:14.077-04:00 DEBUG 18332 --- [cit] [http-nio-8080-exec-6] o.s.web.servlet.DispatcherServlet        : Completed 200 OK
2024-09-25T15:09:14.077-04:00 DEBUG 18332 --- [cit] [http-nio-8080-exec-7] o.s.web.servlet.DispatcherServlet        : Completed 200 OK
2024-09-25T15:09:14.139-04:00 DEBUG 18332 --- [cit] [http-nio-8080-exec-3] o.s.web.servlet.DispatcherServlet        : GET "/favicon.ico", parameters={}
2024-09-25T15:09:14.140-04:00 DEBUG 18332 --- [cit] [http-nio-8080-exec-10] o.s.web.servlet.DispatcherServlet        : GET "/b7bcc075b395c14ce8c2.woff2?dd67030699838ea613ee6dbda90effa6", parameters={masked}
2024-09-25T15:09:14.140-04:00 DEBUG 18332 --- [cit] [http-nio-8080-exec-3] o.s.w.s.handler.SimpleUrlHandlerMapping  : Mapped to ResourceHttpRequestHandler [classpath [static/]]
2024-09-25T15:09:14.141-04:00 DEBUG 18332 --- [cit] [http-nio-8080-exec-10] o.s.w.s.handler.SimpleUrlHandlerMapping  : Mapped to ResourceHttpRequestHandler [classpath [static/]]
2024-09-25T15:09:14.144-04:00 DEBUG 18332 --- [cit] [http-nio-8080-exec-3] o.s.web.servlet.DispatcherServlet        : Completed 200 OK
2024-09-25T15:09:14.148-04:00 DEBUG 18332 --- [cit] [http-nio-8080-exec-10] o.s.web.servlet.DispatcherServlet        : Completed 200 OK
2024-09-25T15:09:16.143-04:00 DEBUG 18332 --- [cit] [http-nio-8080-exec-5] o.s.web.servlet.DispatcherServlet        : GET "/791.71b78f5febcc93feee12.js", parameters={}
2024-09-25T15:09:16.143-04:00 DEBUG 18332 --- [cit] [http-nio-8080-exec-5] o.s.w.s.handler.SimpleUrlHandlerMapping  : Mapped to ResourceHttpRequestHandler [classpath [static/]]
2024-09-25T15:09:16.146-04:00 DEBUG 18332 --- [cit] [http-nio-8080-exec-5] o.s.web.servlet.DispatcherServlet        : Completed 200 OK
2024-09-25T15:09:17.039-04:00 DEBUG 18332 --- [cit] [http-nio-8080-exec-1] o.s.web.servlet.DispatcherServlet        : GET "/common.a698e502a6ff784a8fff.js", parameters={}
2024-09-25T15:09:17.039-04:00 DEBUG 18332 --- [cit] [http-nio-8080-exec-2] o.s.web.servlet.DispatcherServlet        : GET "/717.b92f5b5b767944d85054.js", parameters={}
2024-09-25T15:09:17.039-04:00 DEBUG 18332 --- [cit] [http-nio-8080-exec-2] o.s.w.s.handler.SimpleUrlHandlerMapping  : Mapped to ResourceHttpRequestHandler [classpath [static/]]
2024-09-25T15:09:17.040-04:00 DEBUG 18332 --- [cit] [http-nio-8080-exec-1] o.s.w.s.handler.SimpleUrlHandlerMapping  : Mapped to ResourceHttpRequestHandler [classpath [static/]]
2024-09-25T15:09:17.041-04:00 DEBUG 18332 --- [cit] [http-nio-8080-exec-1] o.s.web.servlet.DispatcherServlet        : Completed 200 OK
2024-09-25T15:09:17.041-04:00 DEBUG 18332 --- [cit] [http-nio-8080-exec-2] o.s.web.servlet.DispatcherServlet        : Completed 200 OK
2024-09-25T15:09:17.042-04:00 DEBUG 18332 --- [cit] [http-nio-8080-exec-8] o.s.web.servlet.DispatcherServlet        : GET "/settings/favicon.ico", parameters={}
2024-09-25T15:09:17.043-04:00 DEBUG 18332 --- [cit] [http-nio-8080-exec-8] o.s.w.s.handler.SimpleUrlHandlerMapping  : Mapped to ResourceHttpRequestHandler [classpath [static/]]
2024-09-25T15:09:17.043-04:00 DEBUG 18332 --- [cit] [http-nio-8080-exec-8] o.s.w.s.r.ResourceHttpRequestHandler     : Resource not found
2024-09-25T15:09:17.047-04:00 DEBUG 18332 --- [cit] [http-nio-8080-exec-8] .m.m.a.ExceptionHandlerExceptionResolver : Using @ExceptionHandler dev.adamico.cit.Exceptions.GlobalExceptionHandler#handleExceptions(Exception)
2024-09-25T15:09:17.047-04:00 ERROR 18332 --- [cit] [http-nio-8080-exec-8] o.s.w.bind.annotation.ExceptionHandler   : No static resource settings/favicon.ico.
2024-09-25T15:09:17.051-04:00 DEBUG 18332 --- [cit] [http-nio-8080-exec-9] o.s.web.servlet.DispatcherServlet        : GET "/api/tags", parameters={}
2024-09-25T15:09:17.053-04:00 DEBUG 18332 --- [cit] [http-nio-8080-exec-9] s.w.s.m.m.a.RequestMappingHandlerMapping : Mapped to dev.adamico.cit.Controllers.TagController#getTags()
2024-09-25T15:09:17.054-04:00 DEBUG 18332 --- [cit] [http-nio-8080-exec-8] o.s.w.s.m.m.a.HttpEntityMethodProcessor  : Using 'image/avif', given [image/avif, image/webp, image/apng, image/svg+xml, image/*, */*;q=0.8] and supported [text/plain, */*, application/json, application/*+json]
2024-09-25T15:09:17.054-04:00 DEBUG 18332 --- [cit] [http-nio-8080-exec-8] o.s.w.s.m.m.a.HttpEntityMethodProcessor  : Writing ["An internal server error occurred."]
2024-09-25T15:09:17.056-04:00  WARN 18332 --- [cit] [http-nio-8080-exec-8] .m.m.a.ExceptionHandlerExceptionResolver : Resolved [org.springframework.web.servlet.resource.NoResourceFoundException: No static resource settings/favicon.ico.]
2024-09-25T15:09:17.056-04:00 DEBUG 18332 --- [cit] [http-nio-8080-exec-8] o.s.web.servlet.DispatcherServlet        : Completed 500 INTERNAL_SERVER_ERROR
2024-09-25T15:09:17.148-04:00 DEBUG 18332 --- [cit] [http-nio-8080-exec-9] m.m.a.RequestResponseBodyMethodProcessor : Using 'application/json', given [application/json, text/plain, */*] and supported [application/json, application/*+json]
2024-09-25T15:09:17.148-04:00 DEBUG 18332 --- [cit] [http-nio-8080-exec-9] m.m.a.RequestResponseBodyMethodProcessor : Writing [[dev.adamico.cit.Models.Tag@778229e, dev.adamico.cit.Models.Tag@6f9aae9c]]
2024-09-25T15:09:17.175-04:00 DEBUG 18332 --- [cit] [http-nio-8080-exec-9] o.s.web.servlet.DispatcherServlet        : Completed 200 OK
2024-09-25T15:10:04.028-04:00  INFO 18332 --- [cit] [SpringApplicationShutdownHook] j.LocalContainerEntityManagerFactoryBean : Closing JPA EntityManagerFactory for persistence unit 'default'
2024-09-25T15:10:04.031-04:00  INFO 18332 --- [cit] [SpringApplicationShutdownHook] com.zaxxer.hikari.HikariDataSource       : HikariPool-1 - Shutdown initiated...
2024-09-25T15:10:04.033-04:00  INFO 18332 --- [cit] [SpringApplicationShutdownHook] com.zaxxer.hikari.HikariDataSource       : HikariPool-1 - Shutdown completed.
2024-09-25T15:10:20.377-04:00  INFO 16884 --- [cit] [restartedMain] dev.adamico.cit.CitApplication           : Starting CitApplication using Java 17.0.9 with PID 16884 (C:\Users\aland\OneDrive\Documents\CIT\target\classes started by aland in C:\Users\aland\OneDrive\Documents\CIT)
2024-09-25T15:10:20.380-04:00  INFO 16884 --- [cit] [restartedMain] dev.adamico.cit.CitApplication           : No active profile set, falling back to 1 default profile: "default"
2024-09-25T15:10:20.435-04:00  INFO 16884 --- [cit] [restartedMain] .e.DevToolsPropertyDefaultsPostProcessor : Devtools property defaults active! Set 'spring.devtools.add-properties' to 'false' to disable
2024-09-25T15:10:20.435-04:00  INFO 16884 --- [cit] [restartedMain] .e.DevToolsPropertyDefaultsPostProcessor : For additional web related logging consider setting the 'logging.level.web' property to 'DEBUG'
2024-09-25T15:10:21.151-04:00  INFO 16884 --- [cit] [restartedMain] .s.d.r.c.RepositoryConfigurationDelegate : Bootstrapping Spring Data JPA repositories in DEFAULT mode.
2024-09-25T15:10:21.229-04:00  INFO 16884 --- [cit] [restartedMain] .s.d.r.c.RepositoryConfigurationDelegate : Finished Spring Data repository scanning in 63 ms. Found 4 JPA repository interfaces.
2024-09-25T15:10:21.987-04:00  INFO 16884 --- [cit] [restartedMain] o.s.b.w.embedded.tomcat.TomcatWebServer  : Tomcat initialized with port 8080 (http)
2024-09-25T15:10:22.012-04:00  INFO 16884 --- [cit] [restartedMain] o.apache.catalina.core.StandardService   : Starting service [Tomcat]
2024-09-25T15:10:22.012-04:00  INFO 16884 --- [cit] [restartedMain] o.apache.catalina.core.StandardEngine    : Starting Servlet engine: [Apache Tomcat/10.1.20]
2024-09-25T15:10:22.070-04:00  INFO 16884 --- [cit] [restartedMain] o.a.c.c.C.[Tomcat].[localhost].[/]       : Initializing Spring embedded WebApplicationContext
2024-09-25T15:10:22.071-04:00  INFO 16884 --- [cit] [restartedMain] w.s.c.ServletWebServerApplicationContext : Root WebApplicationContext: initialization completed in 1634 ms
2024-09-25T15:10:22.332-04:00  INFO 16884 --- [cit] [restartedMain] o.hibernate.jpa.internal.util.LogHelper  : HHH000204: Processing PersistenceUnitInfo [name: default]
2024-09-25T15:10:22.423-04:00  INFO 16884 --- [cit] [restartedMain] org.hibernate.Version                    : HHH000412: Hibernate ORM core version 6.4.4.Final
2024-09-25T15:10:22.464-04:00  INFO 16884 --- [cit] [restartedMain] o.h.c.internal.RegionFactoryInitiator    : HHH000026: Second-level cache disabled
2024-09-25T15:10:22.685-04:00  INFO 16884 --- [cit] [restartedMain] o.s.o.j.p.SpringPersistenceUnitInfo      : No LoadTimeWeaver setup: ignoring JPA class transformer
2024-09-25T15:10:22.709-04:00  INFO 16884 --- [cit] [restartedMain] com.zaxxer.hikari.HikariDataSource       : HikariPool-1 - Starting...
2024-09-25T15:10:22.853-04:00  INFO 16884 --- [cit] [restartedMain] com.zaxxer.hikari.pool.HikariPool        : HikariPool-1 - Added connection org.postgresql.jdbc.PgConnection@7642d056
2024-09-25T15:10:22.855-04:00  INFO 16884 --- [cit] [restartedMain] com.zaxxer.hikari.HikariDataSource       : HikariPool-1 - Start completed.
2024-09-25T15:10:23.775-04:00  INFO 16884 --- [cit] [restartedMain] o.h.e.t.j.p.i.JtaPlatformInitiator       : HHH000489: No JTA platform available (set 'hibernate.transaction.jta.platform' to enable JTA platform integration)
2024-09-25T15:10:23.880-04:00  INFO 16884 --- [cit] [restartedMain] j.LocalContainerEntityManagerFactoryBean : Initialized JPA EntityManagerFactory for persistence unit 'default'
2024-09-25T15:10:24.183-04:00  INFO 16884 --- [cit] [restartedMain] o.s.d.j.r.query.QueryEnhancerFactory     : Hibernate is in classpath; If applicable, HQL parser will be used.
2024-09-25T15:10:25.087-04:00  WARN 16884 --- [cit] [restartedMain] JpaBaseConfiguration$JpaWebConfiguration : spring.jpa.open-in-view is enabled by default. Therefore, database queries may be performed during view rendering. Explicitly configure spring.jpa.open-in-view to disable this warning
2024-09-25T15:10:25.126-04:00  INFO 16884 --- [cit] [restartedMain] o.s.b.a.w.s.WelcomePageHandlerMapping    : Adding welcome page: class path resource [static/index.html]
2024-09-25T15:10:25.234-04:00 DEBUG 16884 --- [cit] [restartedMain] s.w.s.m.m.a.RequestMappingHandlerMapping : 19 mappings in 'requestMappingHandlerMapping'
2024-09-25T15:10:25.246-04:00 DEBUG 16884 --- [cit] [restartedMain] o.s.w.s.handler.SimpleUrlHandlerMapping  : Patterns [/, /{x:[\w\-]+}, /{x:^(?!api$).*$}/{y:[\w\-]+}] in 'viewControllerHandlerMapping'
2024-09-25T15:10:25.348-04:00 DEBUG 16884 --- [cit] [restartedMain] o.s.w.s.handler.SimpleUrlHandlerMapping  : Patterns [/webjars/**, /**] in 'resourceHandlerMapping'
2024-09-25T15:10:25.405-04:00 DEBUG 16884 --- [cit] [restartedMain] s.w.s.m.m.a.RequestMappingHandlerAdapter : ControllerAdvice beans: 0 @ModelAttribute, 0 @InitBinder, 1 RequestBodyAdvice, 1 ResponseBodyAdvice
2024-09-25T15:10:25.472-04:00 DEBUG 16884 --- [cit] [restartedMain] .m.m.a.ExceptionHandlerExceptionResolver : ControllerAdvice beans: 1 @ExceptionHandler, 1 ResponseBodyAdvice
2024-09-25T15:10:25.630-04:00  INFO 16884 --- [cit] [restartedMain] o.s.b.d.a.OptionalLiveReloadServer       : LiveReload server is running on port 35729
2024-09-25T15:10:25.690-04:00  INFO 16884 --- [cit] [restartedMain] o.s.b.w.embedded.tomcat.TomcatWebServer  : Tomcat started on port 8080 (http) with context path ''
2024-09-25T15:10:25.703-04:00  INFO 16884 --- [cit] [restartedMain] dev.adamico.cit.CitApplication           : Started CitApplication in 5.742 seconds (process running for 6.242)
2024-09-25T15:10:26.572-04:00  INFO 16884 --- [cit] [http-nio-8080-exec-1] o.a.c.c.C.[Tomcat].[localhost].[/]       : Initializing Spring DispatcherServlet 'dispatcherServlet'
2024-09-25T15:10:26.572-04:00  INFO 16884 --- [cit] [http-nio-8080-exec-1] o.s.web.servlet.DispatcherServlet        : Initializing Servlet 'dispatcherServlet'
2024-09-25T15:10:26.572-04:00 DEBUG 16884 --- [cit] [http-nio-8080-exec-1] o.s.web.servlet.DispatcherServlet        : Detected StandardServletMultipartResolver
2024-09-25T15:10:26.572-04:00 DEBUG 16884 --- [cit] [http-nio-8080-exec-1] o.s.web.servlet.DispatcherServlet        : Detected AcceptHeaderLocaleResolver
2024-09-25T15:10:26.572-04:00 DEBUG 16884 --- [cit] [http-nio-8080-exec-1] o.s.web.servlet.DispatcherServlet        : Detected FixedThemeResolver
2024-09-25T15:10:26.573-04:00 DEBUG 16884 --- [cit] [http-nio-8080-exec-1] o.s.web.servlet.DispatcherServlet        : Detected org.springframework.web.servlet.view.DefaultRequestToViewNameTranslator@50409a2c
2024-09-25T15:10:26.573-04:00 DEBUG 16884 --- [cit] [http-nio-8080-exec-1] o.s.web.servlet.DispatcherServlet        : Detected org.springframework.web.servlet.support.SessionFlashMapManager@20b0554a
2024-09-25T15:10:26.573-04:00 DEBUG 16884 --- [cit] [http-nio-8080-exec-1] o.s.web.servlet.DispatcherServlet        : enableLoggingRequestDetails='false': request parameters and headers will be masked to prevent unsafe logging of potentially sensitive data
2024-09-25T15:10:26.574-04:00  INFO 16884 --- [cit] [http-nio-8080-exec-1] o.s.web.servlet.DispatcherServlet        : Completed initialization in 1 ms
2024-09-25T15:10:26.580-04:00 DEBUG 16884 --- [cit] [http-nio-8080-exec-1] o.s.web.servlet.DispatcherServlet        : GET "/", parameters={}
2024-09-25T15:10:26.586-04:00 DEBUG 16884 --- [cit] [http-nio-8080-exec-1] o.s.w.s.handler.SimpleUrlHandlerMapping  : Mapped to ParameterizableViewController [view="forward:/index.html"]
2024-09-25T15:10:26.597-04:00 DEBUG 16884 --- [cit] [http-nio-8080-exec-1] o.s.w.s.v.ContentNegotiatingViewResolver : Selected 'text/html' given [text/html, application/xhtml+xml, image/avif, image/webp, image/apng, application/xml;q=0.9, */*;q=0.8, application/signed-exchange;v=b3;q=0.7]
2024-09-25T15:10:26.597-04:00 DEBUG 16884 --- [cit] [http-nio-8080-exec-1] o.s.w.servlet.view.InternalResourceView  : View name 'forward:', model {}
2024-09-25T15:10:26.599-04:00 DEBUG 16884 --- [cit] [http-nio-8080-exec-1] o.s.w.servlet.view.InternalResourceView  : Forwarding to [/index.html]
2024-09-25T15:10:26.603-04:00 DEBUG 16884 --- [cit] [http-nio-8080-exec-1] o.s.web.servlet.DispatcherServlet        : "FORWARD" dispatch for GET "/index.html", parameters={}
2024-09-25T15:10:26.605-04:00 DEBUG 16884 --- [cit] [http-nio-8080-exec-1] o.s.w.s.handler.SimpleUrlHandlerMapping  : Mapped to ResourceHttpRequestHandler [classpath [static/]]
2024-09-25T15:10:26.615-04:00 DEBUG 16884 --- [cit] [http-nio-8080-exec-1] o.s.web.servlet.DispatcherServlet        : Exiting from "FORWARD" dispatch, status 200
2024-09-25T15:10:26.616-04:00 DEBUG 16884 --- [cit] [http-nio-8080-exec-1] o.s.web.servlet.DispatcherServlet        : Completed 200 OK
2024-09-25T15:10:26.626-04:00 DEBUG 16884 --- [cit] [http-nio-8080-exec-2] o.s.web.servlet.DispatcherServlet        : GET "/vendor-7fc2cac8.69f64b1cdc6b04dcdfbc.js", parameters={}
2024-09-25T15:10:26.626-04:00 DEBUG 16884 --- [cit] [http-nio-8080-exec-3] o.s.web.servlet.DispatcherServlet        : GET "/vendor-eb37ba57.ddde13973119c4ad7cc9.js", parameters={}
2024-09-25T15:10:26.627-04:00 DEBUG 16884 --- [cit] [http-nio-8080-exec-2] o.s.w.s.handler.SimpleUrlHandlerMapping  : Mapped to ResourceHttpRequestHandler [classpath [static/]]
2024-09-25T15:10:26.627-04:00 DEBUG 16884 --- [cit] [http-nio-8080-exec-3] o.s.w.s.handler.SimpleUrlHandlerMapping  : Mapped to ResourceHttpRequestHandler [classpath [static/]]
2024-09-25T15:10:26.629-04:00 DEBUG 16884 --- [cit] [http-nio-8080-exec-3] o.s.web.servlet.DispatcherServlet        : Completed 200 OK
2024-09-25T15:10:26.629-04:00 DEBUG 16884 --- [cit] [http-nio-8080-exec-2] o.s.web.servlet.DispatcherServlet        : Completed 200 OK
2024-09-25T15:10:26.637-04:00 DEBUG 16884 --- [cit] [http-nio-8080-exec-4] o.s.web.servlet.DispatcherServlet        : GET "/vendor-5927e8f1.4833c163f5d98bac31b7.js", parameters={}
2024-09-25T15:10:26.637-04:00 DEBUG 16884 --- [cit] [http-nio-8080-exec-4] o.s.w.s.handler.SimpleUrlHandlerMapping  : Mapped to ResourceHttpRequestHandler [classpath [static/]]
2024-09-25T15:10:26.637-04:00 DEBUG 16884 --- [cit] [http-nio-8080-exec-5] o.s.web.servlet.DispatcherServlet        : GET "/vendor-6c2eee85.dde892708675aec4f5ab.js", parameters={}
2024-09-25T15:10:26.638-04:00 DEBUG 16884 --- [cit] [http-nio-8080-exec-5] o.s.w.s.handler.SimpleUrlHandlerMapping  : Mapped to ResourceHttpRequestHandler [classpath [static/]]
2024-09-25T15:10:26.639-04:00 DEBUG 16884 --- [cit] [http-nio-8080-exec-6] o.s.web.servlet.DispatcherServlet        : GET "/vendor-5e58aee3.78a1a95a34bc68540d18.js", parameters={}
2024-09-25T15:10:26.639-04:00 DEBUG 16884 --- [cit] [http-nio-8080-exec-8] o.s.web.servlet.DispatcherServlet        : GET "/vendor-1e26e382.e5cc0688056584f54178.js", parameters={}
2024-09-25T15:10:26.639-04:00 DEBUG 16884 --- [cit] [http-nio-8080-exec-9] o.s.web.servlet.DispatcherServlet        : GET "/vendor-764ec864.2ffa0c734cb49ec29367.js", parameters={}
2024-09-25T15:10:26.639-04:00 DEBUG 16884 --- [cit] [http-nio-8080-exec-7] o.s.web.servlet.DispatcherServlet        : GET "/vendor-e57b79e8.51fd89bc9e270a7ae50c.js", parameters={}
2024-09-25T15:10:26.639-04:00 DEBUG 16884 --- [cit] [http-nio-8080-exec-6] o.s.w.s.handler.SimpleUrlHandlerMapping  : Mapped to ResourceHttpRequestHandler [classpath [static/]]
2024-09-25T15:10:26.639-04:00 DEBUG 16884 --- [cit] [http-nio-8080-exec-8] o.s.w.s.handler.SimpleUrlHandlerMapping  : Mapped to ResourceHttpRequestHandler [classpath [static/]]
2024-09-25T15:10:26.640-04:00 DEBUG 16884 --- [cit] [http-nio-8080-exec-7] o.s.w.s.handler.SimpleUrlHandlerMapping  : Mapped to ResourceHttpRequestHandler [classpath [static/]]
2024-09-25T15:10:26.640-04:00 DEBUG 16884 --- [cit] [http-nio-8080-exec-9] o.s.w.s.handler.SimpleUrlHandlerMapping  : Mapped to ResourceHttpRequestHandler [classpath [static/]]
2024-09-25T15:10:26.641-04:00 DEBUG 16884 --- [cit] [http-nio-8080-exec-4] o.s.web.servlet.DispatcherServlet        : Completed 200 OK
2024-09-25T15:10:26.642-04:00 DEBUG 16884 --- [cit] [http-nio-8080-exec-7] o.s.web.servlet.DispatcherServlet        : Completed 200 OK
2024-09-25T15:10:26.642-04:00 DEBUG 16884 --- [cit] [http-nio-8080-exec-8] o.s.web.servlet.DispatcherServlet        : Completed 200 OK
2024-09-25T15:10:26.642-04:00 DEBUG 16884 --- [cit] [http-nio-8080-exec-9] o.s.web.servlet.DispatcherServlet        : Completed 200 OK
2024-09-25T15:10:26.642-04:00 DEBUG 16884 --- [cit] [http-nio-8080-exec-4] o.s.web.servlet.DispatcherServlet        : GET "/vendor-536eaa00.8ab1d8e5c99fc862d8be.js", parameters={}
2024-09-25T15:10:26.642-04:00 DEBUG 16884 --- [cit] [http-nio-8080-exec-6] o.s.web.servlet.DispatcherServlet        : Completed 200 OK
2024-09-25T15:10:26.643-04:00 DEBUG 16884 --- [cit] [http-nio-8080-exec-5] o.s.web.servlet.DispatcherServlet        : Completed 200 OK
2024-09-25T15:10:26.643-04:00 DEBUG 16884 --- [cit] [http-nio-8080-exec-4] o.s.w.s.handler.SimpleUrlHandlerMapping  : Mapped to ResourceHttpRequestHandler [classpath [static/]]
2024-09-25T15:10:26.644-04:00 DEBUG 16884 --- [cit] [http-nio-8080-exec-10] o.s.web.servlet.DispatcherServlet        : GET "/vendor-949b784d.2b7f93788ad5af12f62e.js", parameters={}
2024-09-25T15:10:26.645-04:00 DEBUG 16884 --- [cit] [http-nio-8080-exec-1] o.s.web.servlet.DispatcherServlet        : GET "/vendor-f46dc3dc.224daf32532732d3c549.js", parameters={}
2024-09-25T15:10:26.645-04:00 DEBUG 16884 --- [cit] [http-nio-8080-exec-3] o.s.web.servlet.DispatcherServlet        : GET "/vendor-e5bca7e4.84108283cdb36d50bff6.js", parameters={}
2024-09-25T15:10:26.645-04:00 DEBUG 16884 --- [cit] [http-nio-8080-exec-4] o.s.web.servlet.DispatcherServlet        : Completed 200 OK
2024-09-25T15:10:26.645-04:00 DEBUG 16884 --- [cit] [http-nio-8080-exec-2] o.s.web.servlet.DispatcherServlet        : GET "/vendor-fa3805ec.aefe4df0904109de3f49.js", parameters={}
2024-09-25T15:10:26.645-04:00 DEBUG 16884 --- [cit] [http-nio-8080-exec-7] o.s.web.servlet.DispatcherServlet        : GET "/vendor-fbda34f5.96e3dcacd7f0218d1a7f.js", parameters={}
2024-09-25T15:10:26.645-04:00 DEBUG 16884 --- [cit] [http-nio-8080-exec-3] o.s.w.s.handler.SimpleUrlHandlerMapping  : Mapped to ResourceHttpRequestHandler [classpath [static/]]
2024-09-25T15:10:26.645-04:00 DEBUG 16884 --- [cit] [http-nio-8080-exec-10] o.s.w.s.handler.SimpleUrlHandlerMapping  : Mapped to ResourceHttpRequestHandler [classpath [static/]]
2024-09-25T15:10:26.645-04:00 DEBUG 16884 --- [cit] [http-nio-8080-exec-1] o.s.w.s.handler.SimpleUrlHandlerMapping  : Mapped to ResourceHttpRequestHandler [classpath [static/]]
2024-09-25T15:10:26.645-04:00 DEBUG 16884 --- [cit] [http-nio-8080-exec-7] o.s.w.s.handler.SimpleUrlHandlerMapping  : Mapped to ResourceHttpRequestHandler [classpath [static/]]
2024-09-25T15:10:26.646-04:00 DEBUG 16884 --- [cit] [http-nio-8080-exec-2] o.s.w.s.handler.SimpleUrlHandlerMapping  : Mapped to ResourceHttpRequestHandler [classpath [static/]]
2024-09-25T15:10:26.646-04:00 DEBUG 16884 --- [cit] [http-nio-8080-exec-8] o.s.web.servlet.DispatcherServlet        : GET "/vendor-70ff9051.dad2c665da0c7be8c235.js", parameters={}
2024-09-25T15:10:26.647-04:00 DEBUG 16884 --- [cit] [http-nio-8080-exec-8] o.s.w.s.handler.SimpleUrlHandlerMapping  : Mapped to ResourceHttpRequestHandler [classpath [static/]]
2024-09-25T15:10:26.648-04:00 DEBUG 16884 --- [cit] [http-nio-8080-exec-2] o.s.web.servlet.DispatcherServlet        : Completed 200 OK
2024-09-25T15:10:26.648-04:00 DEBUG 16884 --- [cit] [http-nio-8080-exec-3] o.s.web.servlet.DispatcherServlet        : Completed 200 OK
2024-09-25T15:10:26.648-04:00 DEBUG 16884 --- [cit] [http-nio-8080-exec-7] o.s.web.servlet.DispatcherServlet        : Completed 200 OK
2024-09-25T15:10:26.648-04:00 DEBUG 16884 --- [cit] [http-nio-8080-exec-10] o.s.web.servlet.DispatcherServlet        : Completed 200 OK
2024-09-25T15:10:26.649-04:00 DEBUG 16884 --- [cit] [http-nio-8080-exec-1] o.s.web.servlet.DispatcherServlet        : Completed 200 OK
2024-09-25T15:10:26.649-04:00 DEBUG 16884 --- [cit] [http-nio-8080-exec-8] o.s.web.servlet.DispatcherServlet        : Completed 200 OK
2024-09-25T15:10:26.651-04:00 DEBUG 16884 --- [cit] [http-nio-8080-exec-9] o.s.web.servlet.DispatcherServlet        : GET "/vendor-27545368.7e611d4b455ebb44f3a5.js", parameters={}
2024-09-25T15:10:26.651-04:00 DEBUG 16884 --- [cit] [http-nio-8080-exec-6] o.s.web.servlet.DispatcherServlet        : GET "/vendor-229eafb5.2ae73094af1993430097.js", parameters={}
2024-09-25T15:10:26.651-04:00 DEBUG 16884 --- [cit] [http-nio-8080-exec-5] o.s.web.servlet.DispatcherServlet        : GET "/vendor-c9b35b07.b52101c4c9d4423cbba5.js", parameters={}
2024-09-25T15:10:26.652-04:00 DEBUG 16884 --- [cit] [http-nio-8080-exec-4] o.s.web.servlet.DispatcherServlet        : GET "/main.488a45eb1f21c5264742.js", parameters={}
2024-09-25T15:10:26.652-04:00 DEBUG 16884 --- [cit] [http-nio-8080-exec-9] o.s.w.s.handler.SimpleUrlHandlerMapping  : Mapped to ResourceHttpRequestHandler [classpath [static/]]
2024-09-25T15:10:26.652-04:00 DEBUG 16884 --- [cit] [http-nio-8080-exec-5] o.s.w.s.handler.SimpleUrlHandlerMapping  : Mapped to ResourceHttpRequestHandler [classpath [static/]]
2024-09-25T15:10:26.652-04:00 DEBUG 16884 --- [cit] [http-nio-8080-exec-6] o.s.w.s.handler.SimpleUrlHandlerMapping  : Mapped to ResourceHttpRequestHandler [classpath [static/]]
2024-09-25T15:10:26.652-04:00 DEBUG 16884 --- [cit] [http-nio-8080-exec-4] o.s.w.s.handler.SimpleUrlHandlerMapping  : Mapped to ResourceHttpRequestHandler [classpath [static/]]
2024-09-25T15:10:26.654-04:00 DEBUG 16884 --- [cit] [http-nio-8080-exec-4] o.s.web.servlet.DispatcherServlet        : Completed 200 OK
2024-09-25T15:10:26.654-04:00 DEBUG 16884 --- [cit] [http-nio-8080-exec-9] o.s.web.servlet.DispatcherServlet        : Completed 200 OK
2024-09-25T15:10:26.654-04:00 DEBUG 16884 --- [cit] [http-nio-8080-exec-6] o.s.web.servlet.DispatcherServlet        : Completed 200 OK
2024-09-25T15:10:26.655-04:00 DEBUG 16884 --- [cit] [http-nio-8080-exec-5] o.s.web.servlet.DispatcherServlet        : Completed 200 OK
2024-09-25T15:10:26.702-04:00 DEBUG 16884 --- [cit] [http-nio-8080-exec-7] o.s.web.servlet.DispatcherServlet        : GET "/favicon.ico", parameters={}
2024-09-25T15:10:26.703-04:00 DEBUG 16884 --- [cit] [http-nio-8080-exec-7] o.s.w.s.handler.SimpleUrlHandlerMapping  : Mapped to ResourceHttpRequestHandler [classpath [static/]]
2024-09-25T15:10:26.709-04:00 DEBUG 16884 --- [cit] [http-nio-8080-exec-7] o.s.web.servlet.DispatcherServlet        : Completed 200 OK
2024-09-25T15:10:26.715-04:00 DEBUG 16884 --- [cit] [http-nio-8080-exec-10] o.s.web.servlet.DispatcherServlet        : GET "/b7bcc075b395c14ce8c2.woff2?dd67030699838ea613ee6dbda90effa6", parameters={masked}
2024-09-25T15:10:26.716-04:00 DEBUG 16884 --- [cit] [http-nio-8080-exec-10] o.s.w.s.handler.SimpleUrlHandlerMapping  : Mapped to ResourceHttpRequestHandler [classpath [static/]]
2024-09-25T15:10:26.723-04:00 DEBUG 16884 --- [cit] [http-nio-8080-exec-10] o.s.web.servlet.DispatcherServlet        : Completed 200 OK
2024-09-25T15:10:28.172-04:00 DEBUG 16884 --- [cit] [http-nio-8080-exec-3] o.s.web.servlet.DispatcherServlet        : GET "/791.71b78f5febcc93feee12.js", parameters={}
2024-09-25T15:10:28.172-04:00 DEBUG 16884 --- [cit] [http-nio-8080-exec-3] o.s.w.s.handler.SimpleUrlHandlerMapping  : Mapped to ResourceHttpRequestHandler [classpath [static/]]
2024-09-25T15:10:28.174-04:00 DEBUG 16884 --- [cit] [http-nio-8080-exec-3] o.s.web.servlet.DispatcherServlet        : Completed 200 OK
2024-09-25T15:10:29.179-04:00 DEBUG 16884 --- [cit] [http-nio-8080-exec-1] o.s.web.servlet.DispatcherServlet        : GET "/717.245ba5e451a8b788e8b8.js", parameters={}
2024-09-25T15:10:29.179-04:00 DEBUG 16884 --- [cit] [http-nio-8080-exec-2] o.s.web.servlet.DispatcherServlet        : GET "/common.a698e502a6ff784a8fff.js", parameters={}
2024-09-25T15:10:29.179-04:00 DEBUG 16884 --- [cit] [http-nio-8080-exec-1] o.s.w.s.handler.SimpleUrlHandlerMapping  : Mapped to ResourceHttpRequestHandler [classpath [static/]]
2024-09-25T15:10:29.179-04:00 DEBUG 16884 --- [cit] [http-nio-8080-exec-2] o.s.w.s.handler.SimpleUrlHandlerMapping  : Mapped to ResourceHttpRequestHandler [classpath [static/]]
2024-09-25T15:10:29.181-04:00 DEBUG 16884 --- [cit] [http-nio-8080-exec-8] o.s.web.servlet.DispatcherServlet        : GET "/settings/favicon.ico", parameters={}
2024-09-25T15:10:29.181-04:00 DEBUG 16884 --- [cit] [http-nio-8080-exec-2] o.s.web.servlet.DispatcherServlet        : Completed 200 OK
2024-09-25T15:10:29.181-04:00 DEBUG 16884 --- [cit] [http-nio-8080-exec-1] o.s.web.servlet.DispatcherServlet        : Completed 200 OK
2024-09-25T15:10:29.182-04:00 DEBUG 16884 --- [cit] [http-nio-8080-exec-8] o.s.w.s.handler.SimpleUrlHandlerMapping  : Mapped to ResourceHttpRequestHandler [classpath [static/]]
2024-09-25T15:10:29.183-04:00 DEBUG 16884 --- [cit] [http-nio-8080-exec-8] o.s.w.s.r.ResourceHttpRequestHandler     : Resource not found
2024-09-25T15:10:29.187-04:00 DEBUG 16884 --- [cit] [http-nio-8080-exec-8] .m.m.a.ExceptionHandlerExceptionResolver : Using @ExceptionHandler dev.adamico.cit.Exceptions.GlobalExceptionHandler#handleExceptions(Exception)
2024-09-25T15:10:29.187-04:00 ERROR 16884 --- [cit] [http-nio-8080-exec-8] o.s.w.bind.annotation.ExceptionHandler   : No static resource settings/favicon.ico.
2024-09-25T15:10:29.191-04:00 DEBUG 16884 --- [cit] [http-nio-8080-exec-9] o.s.web.servlet.DispatcherServlet        : GET "/api/tags", parameters={}
2024-09-25T15:10:29.193-04:00 DEBUG 16884 --- [cit] [http-nio-8080-exec-9] s.w.s.m.m.a.RequestMappingHandlerMapping : Mapped to dev.adamico.cit.Controllers.TagController#getTags()
2024-09-25T15:10:29.194-04:00 DEBUG 16884 --- [cit] [http-nio-8080-exec-8] o.s.w.s.m.m.a.HttpEntityMethodProcessor  : Using 'image/avif', given [image/avif, image/webp, image/apng, image/svg+xml, image/*, */*;q=0.8] and supported [text/plain, */*, application/json, application/*+json]
2024-09-25T15:10:29.194-04:00 DEBUG 16884 --- [cit] [http-nio-8080-exec-8] o.s.w.s.m.m.a.HttpEntityMethodProcessor  : Writing ["An internal server error occurred."]
2024-09-25T15:10:29.196-04:00  WARN 16884 --- [cit] [http-nio-8080-exec-8] .m.m.a.ExceptionHandlerExceptionResolver : Resolved [org.springframework.web.servlet.resource.NoResourceFoundException: No static resource settings/favicon.ico.]
2024-09-25T15:10:29.196-04:00 DEBUG 16884 --- [cit] [http-nio-8080-exec-8] o.s.web.servlet.DispatcherServlet        : Completed 500 INTERNAL_SERVER_ERROR
2024-09-25T15:10:29.283-04:00 DEBUG 16884 --- [cit] [http-nio-8080-exec-9] m.m.a.RequestResponseBodyMethodProcessor : Using 'application/json', given [application/json, text/plain, */*] and supported [application/json, application/*+json]
2024-09-25T15:10:29.284-04:00 DEBUG 16884 --- [cit] [http-nio-8080-exec-9] m.m.a.RequestResponseBodyMethodProcessor : Writing [[dev.adamico.cit.Models.Tag@14497f2e, dev.adamico.cit.Models.Tag@1434f4f5]]
2024-09-25T15:10:29.314-04:00 DEBUG 16884 --- [cit] [http-nio-8080-exec-9] o.s.web.servlet.DispatcherServlet        : Completed 200 OK
2024-09-25T15:14:35.456-04:00  INFO 16884 --- [cit] [SpringApplicationShutdownHook] j.LocalContainerEntityManagerFactoryBean : Closing JPA EntityManagerFactory for persistence unit 'default'
2024-09-25T15:14:35.459-04:00  INFO 16884 --- [cit] [SpringApplicationShutdownHook] com.zaxxer.hikari.HikariDataSource       : HikariPool-1 - Shutdown initiated...
2024-09-25T15:14:35.461-04:00  INFO 16884 --- [cit] [SpringApplicationShutdownHook] com.zaxxer.hikari.HikariDataSource       : HikariPool-1 - Shutdown completed.
2024-09-25T15:15:02.023-04:00  INFO 32632 --- [cit] [restartedMain] dev.adamico.cit.CitApplication           : Starting CitApplication using Java 17.0.9 with PID 32632 (C:\Users\aland\OneDrive\Documents\CIT\target\classes started by aland in C:\Users\aland\OneDrive\Documents\CIT)
2024-09-25T15:15:02.026-04:00  INFO 32632 --- [cit] [restartedMain] dev.adamico.cit.CitApplication           : No active profile set, falling back to 1 default profile: "default"
2024-09-25T15:15:02.079-04:00  INFO 32632 --- [cit] [restartedMain] .e.DevToolsPropertyDefaultsPostProcessor : Devtools property defaults active! Set 'spring.devtools.add-properties' to 'false' to disable
2024-09-25T15:15:02.079-04:00  INFO 32632 --- [cit] [restartedMain] .e.DevToolsPropertyDefaultsPostProcessor : For additional web related logging consider setting the 'logging.level.web' property to 'DEBUG'
2024-09-25T15:15:02.845-04:00  INFO 32632 --- [cit] [restartedMain] .s.d.r.c.RepositoryConfigurationDelegate : Bootstrapping Spring Data JPA repositories in DEFAULT mode.
2024-09-25T15:15:02.932-04:00  INFO 32632 --- [cit] [restartedMain] .s.d.r.c.RepositoryConfigurationDelegate : Finished Spring Data repository scanning in 72 ms. Found 4 JPA repository interfaces.
2024-09-25T15:15:03.722-04:00  INFO 32632 --- [cit] [restartedMain] o.s.b.w.embedded.tomcat.TomcatWebServer  : Tomcat initialized with port 8080 (http)
2024-09-25T15:15:03.742-04:00  INFO 32632 --- [cit] [restartedMain] o.apache.catalina.core.StandardService   : Starting service [Tomcat]
2024-09-25T15:15:03.742-04:00  INFO 32632 --- [cit] [restartedMain] o.apache.catalina.core.StandardEngine    : Starting Servlet engine: [Apache Tomcat/10.1.20]
2024-09-25T15:15:03.805-04:00  INFO 32632 --- [cit] [restartedMain] o.a.c.c.C.[Tomcat].[localhost].[/]       : Initializing Spring embedded WebApplicationContext
2024-09-25T15:15:03.805-04:00  INFO 32632 --- [cit] [restartedMain] w.s.c.ServletWebServerApplicationContext : Root WebApplicationContext: initialization completed in 1726 ms
2024-09-25T15:15:04.060-04:00  INFO 32632 --- [cit] [restartedMain] o.hibernate.jpa.internal.util.LogHelper  : HHH000204: Processing PersistenceUnitInfo [name: default]
2024-09-25T15:15:04.141-04:00  INFO 32632 --- [cit] [restartedMain] org.hibernate.Version                    : HHH000412: Hibernate ORM core version 6.4.4.Final
2024-09-25T15:15:04.193-04:00  INFO 32632 --- [cit] [restartedMain] o.h.c.internal.RegionFactoryInitiator    : HHH000026: Second-level cache disabled
2024-09-25T15:15:04.411-04:00  INFO 32632 --- [cit] [restartedMain] o.s.o.j.p.SpringPersistenceUnitInfo      : No LoadTimeWeaver setup: ignoring JPA class transformer
2024-09-25T15:15:04.437-04:00  INFO 32632 --- [cit] [restartedMain] com.zaxxer.hikari.HikariDataSource       : HikariPool-1 - Starting...
2024-09-25T15:15:04.591-04:00  INFO 32632 --- [cit] [restartedMain] com.zaxxer.hikari.pool.HikariPool        : HikariPool-1 - Added connection org.postgresql.jdbc.PgConnection@53ba7be7
2024-09-25T15:15:04.593-04:00  INFO 32632 --- [cit] [restartedMain] com.zaxxer.hikari.HikariDataSource       : HikariPool-1 - Start completed.
2024-09-25T15:15:05.541-04:00  INFO 32632 --- [cit] [restartedMain] o.h.e.t.j.p.i.JtaPlatformInitiator       : HHH000489: No JTA platform available (set 'hibernate.transaction.jta.platform' to enable JTA platform integration)
2024-09-25T15:15:05.630-04:00  INFO 32632 --- [cit] [restartedMain] j.LocalContainerEntityManagerFactoryBean : Initialized JPA EntityManagerFactory for persistence unit 'default'
2024-09-25T15:15:05.934-04:00  INFO 32632 --- [cit] [restartedMain] o.s.d.j.r.query.QueryEnhancerFactory     : Hibernate is in classpath; If applicable, HQL parser will be used.
2024-09-25T15:15:06.752-04:00  WARN 32632 --- [cit] [restartedMain] JpaBaseConfiguration$JpaWebConfiguration : spring.jpa.open-in-view is enabled by default. Therefore, database queries may be performed during view rendering. Explicitly configure spring.jpa.open-in-view to disable this warning
2024-09-25T15:15:06.784-04:00  INFO 32632 --- [cit] [restartedMain] o.s.b.a.w.s.WelcomePageHandlerMapping    : Adding welcome page: class path resource [static/index.html]
2024-09-25T15:15:06.905-04:00 DEBUG 32632 --- [cit] [restartedMain] s.w.s.m.m.a.RequestMappingHandlerMapping : 19 mappings in 'requestMappingHandlerMapping'
2024-09-25T15:15:06.919-04:00 DEBUG 32632 --- [cit] [restartedMain] o.s.w.s.handler.SimpleUrlHandlerMapping  : Patterns [/, /{x:[\w\-]+}, /{x:^(?!api$).*$}/{y:[\w\-]+}] in 'viewControllerHandlerMapping'
2024-09-25T15:15:07.035-04:00 DEBUG 32632 --- [cit] [restartedMain] o.s.w.s.handler.SimpleUrlHandlerMapping  : Patterns [/webjars/**, /**] in 'resourceHandlerMapping'
2024-09-25T15:15:07.083-04:00 DEBUG 32632 --- [cit] [restartedMain] s.w.s.m.m.a.RequestMappingHandlerAdapter : ControllerAdvice beans: 0 @ModelAttribute, 0 @InitBinder, 1 RequestBodyAdvice, 1 ResponseBodyAdvice
2024-09-25T15:15:07.146-04:00 DEBUG 32632 --- [cit] [restartedMain] .m.m.a.ExceptionHandlerExceptionResolver : ControllerAdvice beans: 1 @ExceptionHandler, 1 ResponseBodyAdvice
2024-09-25T15:15:07.312-04:00  INFO 32632 --- [cit] [restartedMain] o.s.b.d.a.OptionalLiveReloadServer       : LiveReload server is running on port 35729
2024-09-25T15:15:07.378-04:00  INFO 32632 --- [cit] [restartedMain] o.s.b.w.embedded.tomcat.TomcatWebServer  : Tomcat started on port 8080 (http) with context path ''
2024-09-25T15:15:07.391-04:00  INFO 32632 --- [cit] [restartedMain] dev.adamico.cit.CitApplication           : Started CitApplication in 5.762 seconds (process running for 6.181)
2024-09-25T15:15:07.748-04:00  INFO 32632 --- [cit] [http-nio-8080-exec-1] o.a.c.c.C.[Tomcat].[localhost].[/]       : Initializing Spring DispatcherServlet 'dispatcherServlet'
2024-09-25T15:15:07.749-04:00  INFO 32632 --- [cit] [http-nio-8080-exec-1] o.s.web.servlet.DispatcherServlet        : Initializing Servlet 'dispatcherServlet'
2024-09-25T15:15:07.749-04:00 DEBUG 32632 --- [cit] [http-nio-8080-exec-1] o.s.web.servlet.DispatcherServlet        : Detected StandardServletMultipartResolver
2024-09-25T15:15:07.749-04:00 DEBUG 32632 --- [cit] [http-nio-8080-exec-1] o.s.web.servlet.DispatcherServlet        : Detected AcceptHeaderLocaleResolver
2024-09-25T15:15:07.749-04:00 DEBUG 32632 --- [cit] [http-nio-8080-exec-1] o.s.web.servlet.DispatcherServlet        : Detected FixedThemeResolver
2024-09-25T15:15:07.750-04:00 DEBUG 32632 --- [cit] [http-nio-8080-exec-1] o.s.web.servlet.DispatcherServlet        : Detected org.springframework.web.servlet.view.DefaultRequestToViewNameTranslator@75fad63a
2024-09-25T15:15:07.751-04:00 DEBUG 32632 --- [cit] [http-nio-8080-exec-1] o.s.web.servlet.DispatcherServlet        : Detected org.springframework.web.servlet.support.SessionFlashMapManager@2082f389
2024-09-25T15:15:07.751-04:00 DEBUG 32632 --- [cit] [http-nio-8080-exec-1] o.s.web.servlet.DispatcherServlet        : enableLoggingRequestDetails='false': request parameters and headers will be masked to prevent unsafe logging of potentially sensitive data
2024-09-25T15:15:07.751-04:00  INFO 32632 --- [cit] [http-nio-8080-exec-1] o.s.web.servlet.DispatcherServlet        : Completed initialization in 2 ms
2024-09-25T15:15:07.758-04:00 DEBUG 32632 --- [cit] [http-nio-8080-exec-1] o.s.web.servlet.DispatcherServlet        : GET "/", parameters={}
2024-09-25T15:15:07.764-04:00 DEBUG 32632 --- [cit] [http-nio-8080-exec-1] o.s.w.s.handler.SimpleUrlHandlerMapping  : Mapped to ParameterizableViewController [view="forward:/index.html"]
2024-09-25T15:15:07.775-04:00 DEBUG 32632 --- [cit] [http-nio-8080-exec-1] o.s.w.s.v.ContentNegotiatingViewResolver : Selected 'text/html' given [text/html, application/xhtml+xml, image/avif, image/webp, image/apng, application/xml;q=0.9, */*;q=0.8, application/signed-exchange;v=b3;q=0.7]
2024-09-25T15:15:07.775-04:00 DEBUG 32632 --- [cit] [http-nio-8080-exec-1] o.s.w.servlet.view.InternalResourceView  : View name 'forward:', model {}
2024-09-25T15:15:07.777-04:00 DEBUG 32632 --- [cit] [http-nio-8080-exec-1] o.s.w.servlet.view.InternalResourceView  : Forwarding to [/index.html]
2024-09-25T15:15:07.780-04:00 DEBUG 32632 --- [cit] [http-nio-8080-exec-1] o.s.web.servlet.DispatcherServlet        : "FORWARD" dispatch for GET "/index.html", parameters={}
2024-09-25T15:15:07.782-04:00 DEBUG 32632 --- [cit] [http-nio-8080-exec-1] o.s.w.s.handler.SimpleUrlHandlerMapping  : Mapped to ResourceHttpRequestHandler [classpath [static/]]
2024-09-25T15:15:07.791-04:00 DEBUG 32632 --- [cit] [http-nio-8080-exec-1] o.s.web.servlet.DispatcherServlet        : Exiting from "FORWARD" dispatch, status 200
2024-09-25T15:15:07.792-04:00 DEBUG 32632 --- [cit] [http-nio-8080-exec-1] o.s.web.servlet.DispatcherServlet        : Completed 200 OK
2024-09-25T15:15:07.801-04:00 DEBUG 32632 --- [cit] [http-nio-8080-exec-2] o.s.web.servlet.DispatcherServlet        : GET "/vendor-7fc2cac8.69f64b1cdc6b04dcdfbc.js", parameters={}
2024-09-25T15:15:07.802-04:00 DEBUG 32632 --- [cit] [http-nio-8080-exec-2] o.s.w.s.handler.SimpleUrlHandlerMapping  : Mapped to ResourceHttpRequestHandler [classpath [static/]]
2024-09-25T15:15:07.802-04:00 DEBUG 32632 --- [cit] [http-nio-8080-exec-3] o.s.web.servlet.DispatcherServlet        : GET "/vendor-eb37ba57.ddde13973119c4ad7cc9.js", parameters={}
2024-09-25T15:15:07.803-04:00 DEBUG 32632 --- [cit] [http-nio-8080-exec-3] o.s.w.s.handler.SimpleUrlHandlerMapping  : Mapped to ResourceHttpRequestHandler [classpath [static/]]
2024-09-25T15:15:07.805-04:00 DEBUG 32632 --- [cit] [http-nio-8080-exec-2] o.s.web.servlet.DispatcherServlet        : Completed 200 OK
2024-09-25T15:15:07.805-04:00 DEBUG 32632 --- [cit] [http-nio-8080-exec-3] o.s.web.servlet.DispatcherServlet        : Completed 200 OK
2024-09-25T15:15:07.825-04:00 DEBUG 32632 --- [cit] [http-nio-8080-exec-4] o.s.web.servlet.DispatcherServlet        : GET "/vendor-5927e8f1.4833c163f5d98bac31b7.js", parameters={}
2024-09-25T15:15:07.826-04:00 DEBUG 32632 --- [cit] [http-nio-8080-exec-5] o.s.web.servlet.DispatcherServlet        : GET "/vendor-6c2eee85.dde892708675aec4f5ab.js", parameters={}
2024-09-25T15:15:07.826-04:00 DEBUG 32632 --- [cit] [http-nio-8080-exec-4] o.s.w.s.handler.SimpleUrlHandlerMapping  : Mapped to ResourceHttpRequestHandler [classpath [static/]]
2024-09-25T15:15:07.826-04:00 DEBUG 32632 --- [cit] [http-nio-8080-exec-5] o.s.w.s.handler.SimpleUrlHandlerMapping  : Mapped to ResourceHttpRequestHandler [classpath [static/]]
2024-09-25T15:15:07.828-04:00 DEBUG 32632 --- [cit] [http-nio-8080-exec-6] o.s.web.servlet.DispatcherServlet        : GET "/vendor-5e58aee3.78a1a95a34bc68540d18.js", parameters={}
2024-09-25T15:15:07.828-04:00 DEBUG 32632 --- [cit] [http-nio-8080-exec-8] o.s.web.servlet.DispatcherServlet        : GET "/vendor-1e26e382.e5cc0688056584f54178.js", parameters={}
2024-09-25T15:15:07.828-04:00 DEBUG 32632 --- [cit] [http-nio-8080-exec-9] o.s.web.servlet.DispatcherServlet        : GET "/vendor-764ec864.2ffa0c734cb49ec29367.js", parameters={}
2024-09-25T15:15:07.828-04:00 DEBUG 32632 --- [cit] [http-nio-8080-exec-7] o.s.web.servlet.DispatcherServlet        : GET "/vendor-e57b79e8.51fd89bc9e270a7ae50c.js", parameters={}
2024-09-25T15:15:07.829-04:00 DEBUG 32632 --- [cit] [http-nio-8080-exec-9] o.s.w.s.handler.SimpleUrlHandlerMapping  : Mapped to ResourceHttpRequestHandler [classpath [static/]]
2024-09-25T15:15:07.829-04:00 DEBUG 32632 --- [cit] [http-nio-8080-exec-8] o.s.w.s.handler.SimpleUrlHandlerMapping  : Mapped to ResourceHttpRequestHandler [classpath [static/]]
2024-09-25T15:15:07.829-04:00 DEBUG 32632 --- [cit] [http-nio-8080-exec-7] o.s.w.s.handler.SimpleUrlHandlerMapping  : Mapped to ResourceHttpRequestHandler [classpath [static/]]
2024-09-25T15:15:07.829-04:00 DEBUG 32632 --- [cit] [http-nio-8080-exec-6] o.s.w.s.handler.SimpleUrlHandlerMapping  : Mapped to ResourceHttpRequestHandler [classpath [static/]]
2024-09-25T15:15:07.831-04:00 DEBUG 32632 --- [cit] [http-nio-8080-exec-4] o.s.web.servlet.DispatcherServlet        : Completed 200 OK
2024-09-25T15:15:07.832-04:00 DEBUG 32632 --- [cit] [http-nio-8080-exec-5] o.s.web.servlet.DispatcherServlet        : Completed 200 OK
2024-09-25T15:15:07.832-04:00 DEBUG 32632 --- [cit] [http-nio-8080-exec-8] o.s.web.servlet.DispatcherServlet        : Completed 200 OK
2024-09-25T15:15:07.832-04:00 DEBUG 32632 --- [cit] [http-nio-8080-exec-9] o.s.web.servlet.DispatcherServlet        : Completed 200 OK
2024-09-25T15:15:07.832-04:00 DEBUG 32632 --- [cit] [http-nio-8080-exec-4] o.s.web.servlet.DispatcherServlet        : GET "/vendor-536eaa00.8ab1d8e5c99fc862d8be.js", parameters={}
2024-09-25T15:15:07.832-04:00 DEBUG 32632 --- [cit] [http-nio-8080-exec-6] o.s.web.servlet.DispatcherServlet        : Completed 200 OK
2024-09-25T15:15:07.832-04:00 DEBUG 32632 --- [cit] [http-nio-8080-exec-7] o.s.web.servlet.DispatcherServlet        : Completed 200 OK
2024-09-25T15:15:07.833-04:00 DEBUG 32632 --- [cit] [http-nio-8080-exec-4] o.s.w.s.handler.SimpleUrlHandlerMapping  : Mapped to ResourceHttpRequestHandler [classpath [static/]]
2024-09-25T15:15:07.835-04:00 DEBUG 32632 --- [cit] [http-nio-8080-exec-2] o.s.web.servlet.DispatcherServlet        : GET "/vendor-e5bca7e4.84108283cdb36d50bff6.js", parameters={}
2024-09-25T15:15:07.835-04:00 DEBUG 32632 --- [cit] [http-nio-8080-exec-1] o.s.web.servlet.DispatcherServlet        : GET "/vendor-f46dc3dc.224daf32532732d3c549.js", parameters={}
2024-09-25T15:15:07.835-04:00 DEBUG 32632 --- [cit] [http-nio-8080-exec-10] o.s.web.servlet.DispatcherServlet        : GET "/vendor-949b784d.2b7f93788ad5af12f62e.js", parameters={}
2024-09-25T15:15:07.835-04:00 DEBUG 32632 --- [cit] [http-nio-8080-exec-3] o.s.web.servlet.DispatcherServlet        : GET "/vendor-fa3805ec.aefe4df0904109de3f49.js", parameters={}
2024-09-25T15:15:07.835-04:00 DEBUG 32632 --- [cit] [http-nio-8080-exec-9] o.s.web.servlet.DispatcherServlet        : GET "/vendor-fbda34f5.96e3dcacd7f0218d1a7f.js", parameters={}
2024-09-25T15:15:07.836-04:00 DEBUG 32632 --- [cit] [http-nio-8080-exec-10] o.s.w.s.handler.SimpleUrlHandlerMapping  : Mapped to ResourceHttpRequestHandler [classpath [static/]]
2024-09-25T15:15:07.836-04:00 DEBUG 32632 --- [cit] [http-nio-8080-exec-2] o.s.w.s.handler.SimpleUrlHandlerMapping  : Mapped to ResourceHttpRequestHandler [classpath [static/]]
2024-09-25T15:15:07.836-04:00 DEBUG 32632 --- [cit] [http-nio-8080-exec-3] o.s.w.s.handler.SimpleUrlHandlerMapping  : Mapped to ResourceHttpRequestHandler [classpath [static/]]
2024-09-25T15:15:07.836-04:00 DEBUG 32632 --- [cit] [http-nio-8080-exec-9] o.s.w.s.handler.SimpleUrlHandlerMapping  : Mapped to ResourceHttpRequestHandler [classpath [static/]]
2024-09-25T15:15:07.836-04:00 DEBUG 32632 --- [cit] [http-nio-8080-exec-1] o.s.w.s.handler.SimpleUrlHandlerMapping  : Mapped to ResourceHttpRequestHandler [classpath [static/]]
2024-09-25T15:15:07.836-04:00 DEBUG 32632 --- [cit] [http-nio-8080-exec-4] o.s.web.servlet.DispatcherServlet        : Completed 200 OK
2024-09-25T15:15:07.837-04:00 DEBUG 32632 --- [cit] [http-nio-8080-exec-5] o.s.web.servlet.DispatcherServlet        : GET "/vendor-70ff9051.dad2c665da0c7be8c235.js", parameters={}
2024-09-25T15:15:07.838-04:00 DEBUG 32632 --- [cit] [http-nio-8080-exec-5] o.s.w.s.handler.SimpleUrlHandlerMapping  : Mapped to ResourceHttpRequestHandler [classpath [static/]]
2024-09-25T15:15:07.839-04:00 DEBUG 32632 --- [cit] [http-nio-8080-exec-9] o.s.web.servlet.DispatcherServlet        : Completed 200 OK
2024-09-25T15:15:07.839-04:00 DEBUG 32632 --- [cit] [http-nio-8080-exec-10] o.s.web.servlet.DispatcherServlet        : Completed 200 OK
2024-09-25T15:15:07.839-04:00 DEBUG 32632 --- [cit] [http-nio-8080-exec-3] o.s.web.servlet.DispatcherServlet        : Completed 200 OK
2024-09-25T15:15:07.839-04:00 DEBUG 32632 --- [cit] [http-nio-8080-exec-2] o.s.web.servlet.DispatcherServlet        : Completed 200 OK
2024-09-25T15:15:07.840-04:00 DEBUG 32632 --- [cit] [http-nio-8080-exec-1] o.s.web.servlet.DispatcherServlet        : Completed 200 OK
2024-09-25T15:15:07.840-04:00 DEBUG 32632 --- [cit] [http-nio-8080-exec-5] o.s.web.servlet.DispatcherServlet        : Completed 200 OK
2024-09-25T15:15:07.842-04:00 DEBUG 32632 --- [cit] [http-nio-8080-exec-6] o.s.web.servlet.DispatcherServlet        : GET "/vendor-27545368.7e611d4b455ebb44f3a5.js", parameters={}
2024-09-25T15:15:07.842-04:00 DEBUG 32632 --- [cit] [http-nio-8080-exec-8] o.s.web.servlet.DispatcherServlet        : GET "/vendor-229eafb5.2ae73094af1993430097.js", parameters={}
2024-09-25T15:15:07.842-04:00 DEBUG 32632 --- [cit] [http-nio-8080-exec-7] o.s.web.servlet.DispatcherServlet        : GET "/vendor-c9b35b07.b52101c4c9d4423cbba5.js", parameters={}
2024-09-25T15:15:07.843-04:00 DEBUG 32632 --- [cit] [http-nio-8080-exec-4] o.s.web.servlet.DispatcherServlet        : GET "/main.8cfa0f162a6b86a0d5b9.js", parameters={}
2024-09-25T15:15:07.843-04:00 DEBUG 32632 --- [cit] [http-nio-8080-exec-8] o.s.w.s.handler.SimpleUrlHandlerMapping  : Mapped to ResourceHttpRequestHandler [classpath [static/]]
2024-09-25T15:15:07.843-04:00 DEBUG 32632 --- [cit] [http-nio-8080-exec-7] o.s.w.s.handler.SimpleUrlHandlerMapping  : Mapped to ResourceHttpRequestHandler [classpath [static/]]
2024-09-25T15:15:07.843-04:00 DEBUG 32632 --- [cit] [http-nio-8080-exec-6] o.s.w.s.handler.SimpleUrlHandlerMapping  : Mapped to ResourceHttpRequestHandler [classpath [static/]]
2024-09-25T15:15:07.843-04:00 DEBUG 32632 --- [cit] [http-nio-8080-exec-4] o.s.w.s.handler.SimpleUrlHandlerMapping  : Mapped to ResourceHttpRequestHandler [classpath [static/]]
2024-09-25T15:15:07.846-04:00 DEBUG 32632 --- [cit] [http-nio-8080-exec-8] o.s.web.servlet.DispatcherServlet        : Completed 200 OK
2024-09-25T15:15:07.846-04:00 DEBUG 32632 --- [cit] [http-nio-8080-exec-6] o.s.web.servlet.DispatcherServlet        : Completed 200 OK
2024-09-25T15:15:07.846-04:00 DEBUG 32632 --- [cit] [http-nio-8080-exec-4] o.s.web.servlet.DispatcherServlet        : Completed 200 OK
2024-09-25T15:15:07.846-04:00 DEBUG 32632 --- [cit] [http-nio-8080-exec-7] o.s.web.servlet.DispatcherServlet        : Completed 200 OK
2024-09-25T15:15:07.910-04:00 DEBUG 32632 --- [cit] [http-nio-8080-exec-10] o.s.web.servlet.DispatcherServlet        : GET "/favicon.ico", parameters={}
2024-09-25T15:15:07.910-04:00 DEBUG 32632 --- [cit] [http-nio-8080-exec-9] o.s.web.servlet.DispatcherServlet        : GET "/b7bcc075b395c14ce8c2.woff2?dd67030699838ea613ee6dbda90effa6", parameters={masked}
2024-09-25T15:15:07.911-04:00 DEBUG 32632 --- [cit] [http-nio-8080-exec-10] o.s.w.s.handler.SimpleUrlHandlerMapping  : Mapped to ResourceHttpRequestHandler [classpath [static/]]
2024-09-25T15:15:07.911-04:00 DEBUG 32632 --- [cit] [http-nio-8080-exec-9] o.s.w.s.handler.SimpleUrlHandlerMapping  : Mapped to ResourceHttpRequestHandler [classpath [static/]]
2024-09-25T15:15:07.916-04:00 DEBUG 32632 --- [cit] [http-nio-8080-exec-10] o.s.web.servlet.DispatcherServlet        : Completed 200 OK
2024-09-25T15:15:07.917-04:00 DEBUG 32632 --- [cit] [http-nio-8080-exec-9] o.s.web.servlet.DispatcherServlet        : Completed 200 OK
2024-09-25T15:15:09.594-04:00 DEBUG 32632 --- [cit] [http-nio-8080-exec-3] o.s.web.servlet.DispatcherServlet        : GET "/791.71b78f5febcc93feee12.js", parameters={}
2024-09-25T15:15:09.595-04:00 DEBUG 32632 --- [cit] [http-nio-8080-exec-3] o.s.w.s.handler.SimpleUrlHandlerMapping  : Mapped to ResourceHttpRequestHandler [classpath [static/]]
2024-09-25T15:15:09.598-04:00 DEBUG 32632 --- [cit] [http-nio-8080-exec-3] o.s.web.servlet.DispatcherServlet        : Completed 200 OK
2024-09-25T15:15:10.633-04:00 DEBUG 32632 --- [cit] [http-nio-8080-exec-2] o.s.web.servlet.DispatcherServlet        : GET "/common.a698e502a6ff784a8fff.js", parameters={}
2024-09-25T15:15:10.633-04:00 DEBUG 32632 --- [cit] [http-nio-8080-exec-1] o.s.web.servlet.DispatcherServlet        : GET "/717.21ae9750eca21ececbf0.js", parameters={}
2024-09-25T15:15:10.633-04:00 DEBUG 32632 --- [cit] [http-nio-8080-exec-2] o.s.w.s.handler.SimpleUrlHandlerMapping  : Mapped to ResourceHttpRequestHandler [classpath [static/]]
2024-09-25T15:15:10.633-04:00 DEBUG 32632 --- [cit] [http-nio-8080-exec-1] o.s.w.s.handler.SimpleUrlHandlerMapping  : Mapped to ResourceHttpRequestHandler [classpath [static/]]
2024-09-25T15:15:10.635-04:00 DEBUG 32632 --- [cit] [http-nio-8080-exec-5] o.s.web.servlet.DispatcherServlet        : GET "/settings/favicon.ico", parameters={}
2024-09-25T15:15:10.635-04:00 DEBUG 32632 --- [cit] [http-nio-8080-exec-2] o.s.web.servlet.DispatcherServlet        : Completed 200 OK
2024-09-25T15:15:10.635-04:00 DEBUG 32632 --- [cit] [http-nio-8080-exec-1] o.s.web.servlet.DispatcherServlet        : Completed 200 OK
2024-09-25T15:15:10.636-04:00 DEBUG 32632 --- [cit] [http-nio-8080-exec-5] o.s.w.s.handler.SimpleUrlHandlerMapping  : Mapped to ResourceHttpRequestHandler [classpath [static/]]
2024-09-25T15:15:10.636-04:00 DEBUG 32632 --- [cit] [http-nio-8080-exec-5] o.s.w.s.r.ResourceHttpRequestHandler     : Resource not found
2024-09-25T15:15:10.641-04:00 DEBUG 32632 --- [cit] [http-nio-8080-exec-5] .m.m.a.ExceptionHandlerExceptionResolver : Using @ExceptionHandler dev.adamico.cit.Exceptions.GlobalExceptionHandler#handleExceptions(Exception)
2024-09-25T15:15:10.641-04:00 ERROR 32632 --- [cit] [http-nio-8080-exec-5] o.s.w.bind.annotation.ExceptionHandler   : No static resource settings/favicon.ico.
2024-09-25T15:15:10.646-04:00 DEBUG 32632 --- [cit] [http-nio-8080-exec-8] o.s.web.servlet.DispatcherServlet        : GET "/api/tags", parameters={}
2024-09-25T15:15:10.647-04:00 DEBUG 32632 --- [cit] [http-nio-8080-exec-8] s.w.s.m.m.a.RequestMappingHandlerMapping : Mapped to dev.adamico.cit.Controllers.TagController#getTags()
2024-09-25T15:15:10.648-04:00 DEBUG 32632 --- [cit] [http-nio-8080-exec-5] o.s.w.s.m.m.a.HttpEntityMethodProcessor  : Using 'image/avif', given [image/avif, image/webp, image/apng, image/svg+xml, image/*, */*;q=0.8] and supported [text/plain, */*, application/json, application/*+json]
2024-09-25T15:15:10.649-04:00 DEBUG 32632 --- [cit] [http-nio-8080-exec-5] o.s.w.s.m.m.a.HttpEntityMethodProcessor  : Writing ["An internal server error occurred."]
2024-09-25T15:15:10.651-04:00  WARN 32632 --- [cit] [http-nio-8080-exec-5] .m.m.a.ExceptionHandlerExceptionResolver : Resolved [org.springframework.web.servlet.resource.NoResourceFoundException: No static resource settings/favicon.ico.]
2024-09-25T15:15:10.651-04:00 DEBUG 32632 --- [cit] [http-nio-8080-exec-5] o.s.web.servlet.DispatcherServlet        : Completed 500 INTERNAL_SERVER_ERROR
2024-09-25T15:15:10.736-04:00 DEBUG 32632 --- [cit] [http-nio-8080-exec-8] m.m.a.RequestResponseBodyMethodProcessor : Using 'application/json', given [application/json, text/plain, */*] and supported [application/json, application/*+json]
2024-09-25T15:15:10.736-04:00 DEBUG 32632 --- [cit] [http-nio-8080-exec-8] m.m.a.RequestResponseBodyMethodProcessor : Writing [[dev.adamico.cit.Models.Tag@24a0cad4, dev.adamico.cit.Models.Tag@666e6f99]]
2024-09-25T15:15:10.765-04:00 DEBUG 32632 --- [cit] [http-nio-8080-exec-8] o.s.web.servlet.DispatcherServlet        : Completed 200 OK
2024-09-25T16:33:41.170-04:00  WARN 32632 --- [cit] [HikariPool-1 housekeeper] com.zaxxer.hikari.pool.HikariPool        : HikariPool-1 - Thread starvation or clock leap detected (housekeeper delta=43m35s971ms426s800ns).
